User belongs to experiment group 'AlwaysDisplayTestExplorer - control'
User belongs to experiment group 'ShowPlayIcon - start'
User belongs to experiment group 'ShowExtensionSurveyPrompt - enabled'
User belongs to experiment group 'DebugAdapterFactory - experiment'
User belongs to experiment group 'PtvsdWheels37 - control'
> conda --version
> pyenv root
> python3.7 -c "import sys;print(sys.executable)"
> python3.6 -c "import sys;print(sys.executable)"
> python3 -c "import sys;print(sys.executable)"
> python2 -c "import sys;print(sys.executable)"
> python -c "import sys;print(sys.executable)"
> python -c "import sys;print(sys.executable)"
> conda info --json
> ~/Code/py/htools/bin/python -m pylint --disable=all --enable=F,unreachable,duplicate-key,unnecessary-semicolon,global-variable-not-assigned,unused-variable,unused-wildcard-import,binary-op-exception,bad-format-string,anomalous-backslash-in-string,bad-open-mode,E0001,E0011,E0012,E0100,E0101,E0102,E0103,E0104,E0105,E0107,E0108,E0110,E0111,E0112,E0113,E0114,E0115,E0116,E0117,E0118,E0202,E0203,E0211,E0213,E0236,E0237,E0238,E0239,E0240,E0241,E0301,E0302,E0303,E0401,E0402,E0601,E0602,E0603,E0604,E0611,E0632,E0633,E0701,E0702,E0703,E0704,E0710,E0711,E0712,E1003,E1101,E1102,E1111,E1120,E1121,E1123,E1124,E1125,E1126,E1127,E1128,E1129,E1130,E1131,E1132,E1133,E1134,E1135,E1136,E1137,E1138,E1139,E1200,E1201,E1205,E1206,E1300,E1301,E1302,E1303,E1304,E1305,E1306,E1310,E1700,E1701 --msg-template='{line},{column},{category},{symbol}:{msg}' --reports=n --output-format=text ~/Code/py/htools/network_scanner.py
cwd: ~/Code/py/htools
> ~/Code/py/htools/bin/python -m pylint --disable=all --enable=F,unreachable,duplicate-key,unnecessary-semicolon,global-variable-not-assigned,unused-variable,unused-wildcard-import,binary-op-exception,bad-format-string,anomalous-backslash-in-string,bad-open-mode,E0001,E0011,E0012,E0100,E0101,E0102,E0103,E0104,E0105,E0107,E0108,E0110,E0111,E0112,E0113,E0114,E0115,E0116,E0117,E0118,E0202,E0203,E0211,E0213,E0236,E0237,E0238,E0239,E0240,E0241,E0301,E0302,E0303,E0401,E0402,E0601,E0602,E0603,E0604,E0611,E0632,E0633,E0701,E0702,E0703,E0704,E0710,E0711,E0712,E1003,E1101,E1102,E1111,E1120,E1121,E1123,E1124,E1125,E1126,E1127,E1128,E1129,E1130,E1131,E1132,E1133,E1134,E1135,E1136,E1137,E1138,E1139,E1200,E1201,E1205,E1206,E1300,E1301,E1302,E1303,E1304,E1305,E1306,E1310,E1700,E1701 --msg-template='{line},{column},{category},{symbol}:{msg}' --reports=n --output-format=text ~/Code/py/htools/network_scanner.py
cwd: ~/Code/py/htools
Starting Jedi Python language engine.
> /usr/bin/env ython3 -c "import sys;print(sys.executable)"
> ~/Code/py/htools/bin/python -c "import sys;print(sys.prefix)"
cwd: ~/Code/py/htools
> ~/Code/py/htools/bin/python -c "import sys;print(sys.prefix)"
cwd: ~/Code/py/htools
> ~/Code/py/htools/bin/python -c "import sys;print(sys.executable)"
cwd: ~/Code/py/htools
> ~/Code/py/htools/bin/python -c "import sys;print(sys.executable)"
cwd: ~/Code/py/htools
> ~/Code/py/htools/bin/python -c "from distutils.sysconfig import get_python_lib; print(get_python_lib())"
cwd: ~/Code/py/htools
> ~/Code/py/htools/bin/python -c "from distutils.sysconfig import get_python_lib; print(get_python_lib())"
cwd: ~/Code/py/htools
> ~/Code/py/htools/bin/python -m site --user-site
cwd: ~/Code/py/htools
> ~/Code/py/htools/bin/python -m site --user-site
cwd: ~/Code/py/htools
> ~/Code/py/htools/bin/python completion.py
cwd: ~/.vscode/extensions/ms-python.python-2020.1.58038/pythonFiles
> ~/Code/py/htools/bin/python completion.py
cwd: ~/.vscode/extensions/ms-python.python-2020.1.58038/pythonFiles
> ~/Code/py/htools/bin/python -m pylint --disable=all --enable=F,unreachable,duplicate-key,unnecessary-semicolon,global-variable-not-assigned,unused-variable,unused-wildcard-import,binary-op-exception,bad-format-string,anomalous-backslash-in-string,bad-open-mode,E0001,E0011,E0012,E0100,E0101,E0102,E0103,E0104,E0105,E0107,E0108,E0110,E0111,E0112,E0113,E0114,E0115,E0116,E0117,E0118,E0202,E0203,E0211,E0213,E0236,E0237,E0238,E0239,E0240,E0241,E0301,E0302,E0303,E0401,E0402,E0601,E0602,E0603,E0604,E0611,E0632,E0633,E0701,E0702,E0703,E0704,E0710,E0711,E0712,E1003,E1101,E1102,E1111,E1120,E1121,E1123,E1124,E1125,E1126,E1127,E1128,E1129,E1130,E1131,E1132,E1133,E1134,E1135,E1136,E1137,E1138,E1139,E1200,E1201,E1205,E1206,E1300,E1301,E1302,E1303,E1304,E1305,E1306,E1310,E1700,E1701 --msg-template='{line},{column},{category},{symbol}:{msg}' --reports=n --output-format=text ~/Code/py/htools/packet_sniffer.py
cwd: ~/Code/py/htools
> ~/Code/py/htools/bin/python -m pylint --disable=all --enable=F,unreachable,duplicate-key,unnecessary-semicolon,global-variable-not-assigned,unused-variable,unused-wildcard-import,binary-op-exception,bad-format-string,anomalous-backslash-in-string,bad-open-mode,E0001,E0011,E0012,E0100,E0101,E0102,E0103,E0104,E0105,E0107,E0108,E0110,E0111,E0112,E0113,E0114,E0115,E0116,E0117,E0118,E0202,E0203,E0211,E0213,E0236,E0237,E0238,E0239,E0240,E0241,E0301,E0302,E0303,E0401,E0402,E0601,E0602,E0603,E0604,E0611,E0632,E0633,E0701,E0702,E0703,E0704,E0710,E0711,E0712,E1003,E1101,E1102,E1111,E1120,E1121,E1123,E1124,E1125,E1126,E1127,E1128,E1129,E1130,E1131,E1132,E1133,E1134,E1135,E1136,E1137,E1138,E1139,E1200,E1201,E1205,E1206,E1300,E1301,E1302,E1303,E1304,E1305,E1306,E1310,E1700,E1701 --msg-template='{line},{column},{category},{symbol}:{msg}' --reports=n --output-format=text ~/Code/py/htools/packet_sniffer.py
cwd: ~/Code/py/htools
> /usr/bin/env python3 -c "import sys;print(sys.executable)"
> conda --version
> ~/Code/py/htools/bin/python -c "import sys;print(sys.executable)"
##########Linting Output - pylint##########
************* Module network_scanner
9,14,warning,unused-variable:Unused variable 'arguments'
18,18,error,no-member:Module 'scapy.all' has no 'ARP' member
19,16,error,no-member:Module 'scapy.all' has no 'Ether' member

------------------------------------------------------------------
Your code has been rated at 5.77/10 (previous run: 5.77/10, +0.00)

##########Linting Output - pylint##########

--------------------------------------------------------------------
Your code has been rated at 10.00/10 (previous run: 10.00/10, +0.00)

> /usr/bin/env python3 -c "import sys;print(sys.executable)"
> ~/Code/py/htools/bin/python -c "import sys;print(sys.executable)"
> /usr/bin/env python3 -c "import sys;print(sys.executable)"
> ~/Code/py/htools/bin/python -c "import sys;print(sys.executable)"
> /usr/bin/env python3 -c "import sys;print(sys.executable)"
> ~/Code/py/htools/bin/python -c "import sys;print(sys.executable)"
> /usr/bin/env python3 -c "import sys;print(sys.executable)"
> ~/Code/py/htools/bin/python -c "import sys;print(sys.executable)"
> /usr/bin/env python3 -c "import sys;print(sys.executable)"
> ~/Code/py/htools/bin/python -c "import sys;print(sys.executable)"
> ~/Code/py/htools/bin/python -m autopep8 --diff ~/Code/py/htools/packet_sniffer.py.76f78c429bb6e8159e935728553a76e3.py
cwd: ~/Code/py/htools
> ~/Code/py/htools/bin/python -m autopep8 --diff ~/Code/py/htools/packet_sniffer.py.76f78c429bb6e8159e935728553a76e3.py
cwd: ~/Code/py/htools
> ~/Code/py/htools/bin/python -m pylint --disable=all --enable=F,unreachable,duplicate-key,unnecessary-semicolon,global-variable-not-assigned,unused-variable,unused-wildcard-import,binary-op-exception,bad-format-string,anomalous-backslash-in-string,bad-open-mode,E0001,E0011,E0012,E0100,E0101,E0102,E0103,E0104,E0105,E0107,E0108,E0110,E0111,E0112,E0113,E0114,E0115,E0116,E0117,E0118,E0202,E0203,E0211,E0213,E0236,E0237,E0238,E0239,E0240,E0241,E0301,E0302,E0303,E0401,E0402,E0601,E0602,E0603,E0604,E0611,E0632,E0633,E0701,E0702,E0703,E0704,E0710,E0711,E0712,E1003,E1101,E1102,E1111,E1120,E1121,E1123,E1124,E1125,E1126,E1127,E1128,E1129,E1130,E1131,E1132,E1133,E1134,E1135,E1136,E1137,E1138,E1139,E1200,E1201,E1205,E1206,E1300,E1301,E1302,E1303,E1304,E1305,E1306,E1310,E1700,E1701 --msg-template='{line},{column},{category},{symbol}:{msg}' --reports=n --output-format=text ~/Code/py/htools/packet_sniffer.py
cwd: ~/Code/py/htools
> ~/Code/py/htools/bin/python -m pylint --disable=all --enable=F,unreachable,duplicate-key,unnecessary-semicolon,global-variable-not-assigned,unused-variable,unused-wildcard-import,binary-op-exception,bad-format-string,anomalous-backslash-in-string,bad-open-mode,E0001,E0011,E0012,E0100,E0101,E0102,E0103,E0104,E0105,E0107,E0108,E0110,E0111,E0112,E0113,E0114,E0115,E0116,E0117,E0118,E0202,E0203,E0211,E0213,E0236,E0237,E0238,E0239,E0240,E0241,E0301,E0302,E0303,E0401,E0402,E0601,E0602,E0603,E0604,E0611,E0632,E0633,E0701,E0702,E0703,E0704,E0710,E0711,E0712,E1003,E1101,E1102,E1111,E1120,E1121,E1123,E1124,E1125,E1126,E1127,E1128,E1129,E1130,E1131,E1132,E1133,E1134,E1135,E1136,E1137,E1138,E1139,E1200,E1201,E1205,E1206,E1300,E1301,E1302,E1303,E1304,E1305,E1306,E1310,E1700,E1701 --msg-template='{line},{column},{category},{symbol}:{msg}' --reports=n --output-format=text ~/Code/py/htools/packet_sniffer.py
cwd: ~/Code/py/htools
##########Linting Output - pylint##########
************* Module packet_sniffer
15,5,error,syntax-error:invalid syntax (<unknown>, line 15)
> /usr/bin/env python3 -c "import sys;print(sys.executable)"
> ~/Code/py/htools/bin/python -c "import sys;print(sys.executable)"
> ~/Code/py/htools/bin/python -m autopep8 --diff ~/Code/py/htools/packet_sniffer.py.76f78c429bb6e8159e935728553a76e3.py
cwd: ~/Code/py/htools
> ~/Code/py/htools/bin/python -m autopep8 --diff ~/Code/py/htools/packet_sniffer.py.76f78c429bb6e8159e935728553a76e3.py
cwd: ~/Code/py/htools
> ~/Code/py/htools/bin/python -m pylint --disable=all --enable=F,unreachable,duplicate-key,unnecessary-semicolon,global-variable-not-assigned,unused-variable,unused-wildcard-import,binary-op-exception,bad-format-string,anomalous-backslash-in-string,bad-open-mode,E0001,E0011,E0012,E0100,E0101,E0102,E0103,E0104,E0105,E0107,E0108,E0110,E0111,E0112,E0113,E0114,E0115,E0116,E0117,E0118,E0202,E0203,E0211,E0213,E0236,E0237,E0238,E0239,E0240,E0241,E0301,E0302,E0303,E0401,E0402,E0601,E0602,E0603,E0604,E0611,E0632,E0633,E0701,E0702,E0703,E0704,E0710,E0711,E0712,E1003,E1101,E1102,E1111,E1120,E1121,E1123,E1124,E1125,E1126,E1127,E1128,E1129,E1130,E1131,E1132,E1133,E1134,E1135,E1136,E1137,E1138,E1139,E1200,E1201,E1205,E1206,E1300,E1301,E1302,E1303,E1304,E1305,E1306,E1310,E1700,E1701 --msg-template='{line},{column},{category},{symbol}:{msg}' --reports=n --output-format=text ~/Code/py/htools/packet_sniffer.py
cwd: ~/Code/py/htools
> ~/Code/py/htools/bin/python -m pylint --disable=all --enable=F,unreachable,duplicate-key,unnecessary-semicolon,global-variable-not-assigned,unused-variable,unused-wildcard-import,binary-op-exception,bad-format-string,anomalous-backslash-in-string,bad-open-mode,E0001,E0011,E0012,E0100,E0101,E0102,E0103,E0104,E0105,E0107,E0108,E0110,E0111,E0112,E0113,E0114,E0115,E0116,E0117,E0118,E0202,E0203,E0211,E0213,E0236,E0237,E0238,E0239,E0240,E0241,E0301,E0302,E0303,E0401,E0402,E0601,E0602,E0603,E0604,E0611,E0632,E0633,E0701,E0702,E0703,E0704,E0710,E0711,E0712,E1003,E1101,E1102,E1111,E1120,E1121,E1123,E1124,E1125,E1126,E1127,E1128,E1129,E1130,E1131,E1132,E1133,E1134,E1135,E1136,E1137,E1138,E1139,E1200,E1201,E1205,E1206,E1300,E1301,E1302,E1303,E1304,E1305,E1306,E1310,E1700,E1701 --msg-template='{line},{column},{category},{symbol}:{msg}' --reports=n --output-format=text ~/Code/py/htools/packet_sniffer.py
cwd: ~/Code/py/htools
> /usr/bin/env python3 -c "import sys;print(sys.executable)"
> ~/Code/py/htools/bin/python -c "import sys;print(sys.executable)"
##########Linting Output - pylint##########

--------------------------------------------------------------------
Your code has been rated at 10.00/10 (previous run: 10.00/10, +0.00)

> /usr/bin/env python3 -c "import sys;print(sys.executable)"
> ~/Code/py/htools/bin/python -c "import sys;print(sys.executable)"
> /usr/bin/env python3 -c "import sys;print(sys.executable)"
> ~/Code/py/htools/bin/python -c "import sys;print(sys.executable)"
> /usr/bin/env python3 -c "import sys;print(sys.executable)"
> ~/Code/py/htools/bin/python -c "import sys;print(sys.executable)"
> /usr/bin/env python3 -c "import sys;print(sys.executable)"
> ~/Code/py/htools/bin/python -c "import sys;print(sys.executable)"
> /usr/bin/env python3 -c "import sys;print(sys.executable)"
> ~/Code/py/htools/bin/python -c "import sys;print(sys.executable)"
> /usr/bin/env python3 -c "import sys;print(sys.executable)"
> ~/Code/py/htools/bin/python -c "import sys;print(sys.executable)"
> /usr/bin/env python3 -c "import sys;print(sys.executable)"
> ~/Code/py/htools/bin/python -c "import sys;print(sys.executable)"
> /usr/bin/env python3 -c "import sys;print(sys.executable)"
> ~/Code/py/htools/bin/python -c "import sys;print(sys.executable)"
> /usr/bin/env python3 -c "import sys;print(sys.executable)"
> ~/Code/py/htools/bin/python -c "import sys;print(sys.executable)"
> /usr/bin/env python3 -c "import sys;print(sys.executable)"
> ~/Code/py/htools/bin/python -c "import sys;print(sys.executable)"
> /usr/bin/env python3 -c "import sys;print(sys.executable)"
> ~/Code/py/htools/bin/python -c "import sys;print(sys.executable)"
> /usr/bin/env python3 -c "import sys;print(sys.executable)"
> ~/Code/py/htools/bin/python -c "import sys;print(sys.executable)"
> /usr/bin/env python3 -c "import sys;print(sys.executable)"
> ~/Code/py/htools/bin/python -c "import sys;print(sys.executable)"
> /usr/bin/env python3 -c "import sys;print(sys.executable)"
> ~/Code/py/htools/bin/python -c "import sys;print(sys.executable)"
> /usr/bin/env python3 -c "import sys;print(sys.executable)"
> ~/Code/py/htools/bin/python -c "import sys;print(sys.executable)"
> /usr/bin/env python3 -c "import sys;print(sys.executable)"
> ~/Code/py/htools/bin/python -c "import sys;print(sys.executable)"
> /usr/bin/env python3 -c "import sys;print(sys.executable)"
> ~/Code/py/htools/bin/python -c "import sys;print(sys.executable)"
> /usr/bin/env python3 -c "import sys;print(sys.executable)"
> ~/Code/py/htools/bin/python -c "import sys;print(sys.executable)"
> /usr/bin/env python3 -c "import sys;print(sys.executable)"
> ~/Code/py/htools/bin/python -c "import sys;print(sys.executable)"
> /usr/bin/env python3 -c "import sys;print(sys.executable)"
> ~/Code/py/htools/bin/python -c "import sys;print(sys.executable)"
> /usr/bin/env python3 -c "import sys;print(sys.executable)"
> ~/Code/py/htools/bin/python -c "import sys;print(sys.executable)"
> /usr/bin/env python3 -c "import sys;print(sys.executable)"
> ~/Code/py/htools/bin/python -c "import sys;print(sys.executable)"
> /usr/bin/env python3 -c "import sys;print(sys.executable)"
> ~/Code/py/htools/bin/python -c "import sys;print(sys.executable)"
> /usr/bin/env python3 -c "import sys;print(sys.executable)"
> ~/Code/py/htools/bin/python -c "import sys;print(sys.executable)"
> /usr/bin/env python3 -c "import sys;print(sys.executable)"
> ~/Code/py/htools/bin/python -c "import sys;print(sys.executable)"
> /usr/bin/env python3 -c "import sys;print(sys.executable)"
> ~/Code/py/htools/bin/python -c "import sys;print(sys.executable)"
> /usr/bin/env python3 -c "import sys;print(sys.executable)"
> ~/Code/py/htools/bin/python -c "import sys;print(sys.executable)"
> /usr/bin/env python3 -c "import sys;print(sys.executable)"
> ~/Code/py/htools/bin/python -c "import sys;print(sys.executable)"
> /usr/bin/env python3 -c "import sys;print(sys.executable)"
> ~/Code/py/htools/bin/python -c "import sys;print(sys.executable)"
> /usr/bin/env python3 -c "import sys;print(sys.executable)"
> ~/Code/py/htools/bin/python -c "import sys;print(sys.executable)"
> /usr/bin/env python3 -c "import sys;print(sys.executable)"
> ~/Code/py/htools/bin/python -c "import sys;print(sys.executable)"
> /usr/bin/env python3 -c "import sys;print(sys.executable)"
> ~/Code/py/htools/bin/python -c "import sys;print(sys.executable)"
> ~/Code/py/htools/bin/python -m autopep8 --diff ~/Code/py/htools/packet_sniffer.py.76f78c429bb6e8159e935728553a76e3.py
cwd: ~/Code/py/htools
> ~/Code/py/htools/bin/python -m autopep8 --diff ~/Code/py/htools/packet_sniffer.py.76f78c429bb6e8159e935728553a76e3.py
cwd: ~/Code/py/htools
> ~/Code/py/htools/bin/python -m pylint --disable=all --enable=F,unreachable,duplicate-key,unnecessary-semicolon,global-variable-not-assigned,unused-variable,unused-wildcard-import,binary-op-exception,bad-format-string,anomalous-backslash-in-string,bad-open-mode,E0001,E0011,E0012,E0100,E0101,E0102,E0103,E0104,E0105,E0107,E0108,E0110,E0111,E0112,E0113,E0114,E0115,E0116,E0117,E0118,E0202,E0203,E0211,E0213,E0236,E0237,E0238,E0239,E0240,E0241,E0301,E0302,E0303,E0401,E0402,E0601,E0602,E0603,E0604,E0611,E0632,E0633,E0701,E0702,E0703,E0704,E0710,E0711,E0712,E1003,E1101,E1102,E1111,E1120,E1121,E1123,E1124,E1125,E1126,E1127,E1128,E1129,E1130,E1131,E1132,E1133,E1134,E1135,E1136,E1137,E1138,E1139,E1200,E1201,E1205,E1206,E1300,E1301,E1302,E1303,E1304,E1305,E1306,E1310,E1700,E1701 --msg-template='{line},{column},{category},{symbol}:{msg}' --reports=n --output-format=text ~/Code/py/htools/packet_sniffer.py
cwd: ~/Code/py/htools
> ~/Code/py/htools/bin/python -m pylint --disable=all --enable=F,unreachable,duplicate-key,unnecessary-semicolon,global-variable-not-assigned,unused-variable,unused-wildcard-import,binary-op-exception,bad-format-string,anomalous-backslash-in-string,bad-open-mode,E0001,E0011,E0012,E0100,E0101,E0102,E0103,E0104,E0105,E0107,E0108,E0110,E0111,E0112,E0113,E0114,E0115,E0116,E0117,E0118,E0202,E0203,E0211,E0213,E0236,E0237,E0238,E0239,E0240,E0241,E0301,E0302,E0303,E0401,E0402,E0601,E0602,E0603,E0604,E0611,E0632,E0633,E0701,E0702,E0703,E0704,E0710,E0711,E0712,E1003,E1101,E1102,E1111,E1120,E1121,E1123,E1124,E1125,E1126,E1127,E1128,E1129,E1130,E1131,E1132,E1133,E1134,E1135,E1136,E1137,E1138,E1139,E1200,E1201,E1205,E1206,E1300,E1301,E1302,E1303,E1304,E1305,E1306,E1310,E1700,E1701 --msg-template='{line},{column},{category},{symbol}:{msg}' --reports=n --output-format=text ~/Code/py/htools/packet_sniffer.py
cwd: ~/Code/py/htools
##########Linting Output - pylint##########

--------------------------------------------------------------------
Your code has been rated at 10.00/10 (previous run: 10.00/10, +0.00)

> /usr/bin/env python3 -c "import sys;print(sys.executable)"
> ~/Code/py/htools/bin/python -c "import sys;print(sys.executable)"
> /usr/bin/env python3 -c "import sys;print(sys.executable)"
> ~/Code/py/htools/bin/python -c "import sys;print(sys.executable)"
> /usr/bin/env python3 -c "import sys;print(sys.executable)"
> ~/Code/py/htools/bin/python -c "import sys;print(sys.executable)"
> /usr/bin/env python3 -c "import sys;print(sys.executable)"
> ~/Code/py/htools/bin/python -c "import sys;print(sys.executable)"
> /usr/bin/env python3 -c "import sys;print(sys.executable)"
> ~/Code/py/htools/bin/python -c "import sys;print(sys.executable)"
> /usr/bin/env python3 -c "import sys;print(sys.executable)"
> ~/Code/py/htools/bin/python -c "import sys;print(sys.executable)"
> ~/Code/py/htools/bin/python -m autopep8 --diff ~/Code/py/htools/packet_sniffer.py.76f78c429bb6e8159e935728553a76e3.py
cwd: ~/Code/py/htools
> ~/Code/py/htools/bin/python -m autopep8 --diff ~/Code/py/htools/packet_sniffer.py.76f78c429bb6e8159e935728553a76e3.py
cwd: ~/Code/py/htools
> ~/Code/py/htools/bin/python -m pylint --disable=all --enable=F,unreachable,duplicate-key,unnecessary-semicolon,global-variable-not-assigned,unused-variable,unused-wildcard-import,binary-op-exception,bad-format-string,anomalous-backslash-in-string,bad-open-mode,E0001,E0011,E0012,E0100,E0101,E0102,E0103,E0104,E0105,E0107,E0108,E0110,E0111,E0112,E0113,E0114,E0115,E0116,E0117,E0118,E0202,E0203,E0211,E0213,E0236,E0237,E0238,E0239,E0240,E0241,E0301,E0302,E0303,E0401,E0402,E0601,E0602,E0603,E0604,E0611,E0632,E0633,E0701,E0702,E0703,E0704,E0710,E0711,E0712,E1003,E1101,E1102,E1111,E1120,E1121,E1123,E1124,E1125,E1126,E1127,E1128,E1129,E1130,E1131,E1132,E1133,E1134,E1135,E1136,E1137,E1138,E1139,E1200,E1201,E1205,E1206,E1300,E1301,E1302,E1303,E1304,E1305,E1306,E1310,E1700,E1701 --msg-template='{line},{column},{category},{symbol}:{msg}' --reports=n --output-format=text ~/Code/py/htools/packet_sniffer.py
cwd: ~/Code/py/htools
> ~/Code/py/htools/bin/python -m pylint --disable=all --enable=F,unreachable,duplicate-key,unnecessary-semicolon,global-variable-not-assigned,unused-variable,unused-wildcard-import,binary-op-exception,bad-format-string,anomalous-backslash-in-string,bad-open-mode,E0001,E0011,E0012,E0100,E0101,E0102,E0103,E0104,E0105,E0107,E0108,E0110,E0111,E0112,E0113,E0114,E0115,E0116,E0117,E0118,E0202,E0203,E0211,E0213,E0236,E0237,E0238,E0239,E0240,E0241,E0301,E0302,E0303,E0401,E0402,E0601,E0602,E0603,E0604,E0611,E0632,E0633,E0701,E0702,E0703,E0704,E0710,E0711,E0712,E1003,E1101,E1102,E1111,E1120,E1121,E1123,E1124,E1125,E1126,E1127,E1128,E1129,E1130,E1131,E1132,E1133,E1134,E1135,E1136,E1137,E1138,E1139,E1200,E1201,E1205,E1206,E1300,E1301,E1302,E1303,E1304,E1305,E1306,E1310,E1700,E1701 --msg-template='{line},{column},{category},{symbol}:{msg}' --reports=n --output-format=text ~/Code/py/htools/packet_sniffer.py
cwd: ~/Code/py/htools
##########Linting Output - pylint##########

--------------------------------------------------------------------
Your code has been rated at 10.00/10 (previous run: 10.00/10, +0.00)

> /usr/bin/env python3 -c "import sys;print(sys.executable)"
> ~/Code/py/htools/bin/python -c "import sys;print(sys.executable)"
> /usr/bin/env python3 -c "import sys;print(sys.executable)"
> ~/Code/py/htools/bin/python -c "import sys;print(sys.executable)"
> /usr/bin/env python3 -c "import sys;print(sys.executable)"
> ~/Code/py/htools/bin/python -c "import sys;print(sys.executable)"
> /usr/bin/env python3 -c "import sys;print(sys.executable)"
> ~/Code/py/htools/bin/python -c "import sys;print(sys.executable)"
> /usr/bin/env python3 -c "import sys;print(sys.executable)"
> ~/Code/py/htools/bin/python -c "import sys;print(sys.executable)"
> /usr/bin/env python3 -c "import sys;print(sys.executable)"
> ~/Code/py/htools/bin/python -c "import sys;print(sys.executable)"
> /usr/bin/env python3 -c "import sys;print(sys.executable)"
> ~/Code/py/htools/bin/python -c "import sys;print(sys.executable)"
> /usr/bin/env python3 -c "import sys;print(sys.executable)"
> ~/Code/py/htools/bin/python -c "import sys;print(sys.executable)"
> /usr/bin/env python3 -c "import sys;print(sys.executable)"
> ~/Code/py/htools/bin/python -c "import sys;print(sys.executable)"
> /usr/bin/env python3 -c "import sys;print(sys.executable)"
> ~/Code/py/htools/bin/python -c "import sys;print(sys.executable)"
> /usr/bin/env python3 -c "import sys;print(sys.executable)"
> ~/Code/py/htools/bin/python -c "import sys;print(sys.executable)"
> /usr/bin/env python3 -c "import sys;print(sys.executable)"
> ~/Code/py/htools/bin/python -c "import sys;print(sys.executable)"
> /usr/bin/env python3 -c "import sys;print(sys.executable)"
> ~/Code/py/htools/bin/python -c "import sys;print(sys.executable)"
> /usr/bin/env python3 -c "import sys;print(sys.executable)"
> ~/Code/py/htools/bin/python -c "import sys;print(sys.executable)"
> /usr/bin/env python3 -c "import sys;print(sys.executable)"
> ~/Code/py/htools/bin/python -c "import sys;print(sys.executable)"
> ~/Code/py/htools/bin/python -m autopep8 --diff ~/Code/py/htools/packet_sniffer.py.76f78c429bb6e8159e935728553a76e3.py
cwd: ~/Code/py/htools
> ~/Code/py/htools/bin/python -m autopep8 --diff ~/Code/py/htools/packet_sniffer.py.76f78c429bb6e8159e935728553a76e3.py
cwd: ~/Code/py/htools
> ~/Code/py/htools/bin/python -m pylint --disable=all --enable=F,unreachable,duplicate-key,unnecessary-semicolon,global-variable-not-assigned,unused-variable,unused-wildcard-import,binary-op-exception,bad-format-string,anomalous-backslash-in-string,bad-open-mode,E0001,E0011,E0012,E0100,E0101,E0102,E0103,E0104,E0105,E0107,E0108,E0110,E0111,E0112,E0113,E0114,E0115,E0116,E0117,E0118,E0202,E0203,E0211,E0213,E0236,E0237,E0238,E0239,E0240,E0241,E0301,E0302,E0303,E0401,E0402,E0601,E0602,E0603,E0604,E0611,E0632,E0633,E0701,E0702,E0703,E0704,E0710,E0711,E0712,E1003,E1101,E1102,E1111,E1120,E1121,E1123,E1124,E1125,E1126,E1127,E1128,E1129,E1130,E1131,E1132,E1133,E1134,E1135,E1136,E1137,E1138,E1139,E1200,E1201,E1205,E1206,E1300,E1301,E1302,E1303,E1304,E1305,E1306,E1310,E1700,E1701 --msg-template='{line},{column},{category},{symbol}:{msg}' --reports=n --output-format=text ~/Code/py/htools/packet_sniffer.py
cwd: ~/Code/py/htools
> ~/Code/py/htools/bin/python -m pylint --disable=all --enable=F,unreachable,duplicate-key,unnecessary-semicolon,global-variable-not-assigned,unused-variable,unused-wildcard-import,binary-op-exception,bad-format-string,anomalous-backslash-in-string,bad-open-mode,E0001,E0011,E0012,E0100,E0101,E0102,E0103,E0104,E0105,E0107,E0108,E0110,E0111,E0112,E0113,E0114,E0115,E0116,E0117,E0118,E0202,E0203,E0211,E0213,E0236,E0237,E0238,E0239,E0240,E0241,E0301,E0302,E0303,E0401,E0402,E0601,E0602,E0603,E0604,E0611,E0632,E0633,E0701,E0702,E0703,E0704,E0710,E0711,E0712,E1003,E1101,E1102,E1111,E1120,E1121,E1123,E1124,E1125,E1126,E1127,E1128,E1129,E1130,E1131,E1132,E1133,E1134,E1135,E1136,E1137,E1138,E1139,E1200,E1201,E1205,E1206,E1300,E1301,E1302,E1303,E1304,E1305,E1306,E1310,E1700,E1701 --msg-template='{line},{column},{category},{symbol}:{msg}' --reports=n --output-format=text ~/Code/py/htools/packet_sniffer.py
cwd: ~/Code/py/htools
##########Linting Output - pylint##########

--------------------------------------------------------------------
Your code has been rated at 10.00/10 (previous run: 10.00/10, +0.00)

> /usr/bin/env python3 -c "import sys;print(sys.executable)"
> ~/Code/py/htools/bin/python -c "import sys;print(sys.executable)"
> /usr/bin/env python3 -c "import sys;print(sys.executable)"
> ~/Code/py/htools/bin/python -c "import sys;print(sys.executable)"
> /usr/bin/env python3 -c "import sys;print(sys.executable)"
> ~/Code/py/htools/bin/python -c "import sys;print(sys.executable)"
> /usr/bin/env python3 -c "import sys;print(sys.executable)"
> ~/Code/py/htools/bin/python -c "import sys;print(sys.executable)"
> /usr/bin/env python3 -c "import sys;print(sys.executable)"
> ~/Code/py/htools/bin/python -c "import sys;print(sys.executable)"
> /usr/bin/env python3 -c "import sys;print(sys.executable)"
> ~/Code/py/htools/bin/python -c "import sys;print(sys.executable)"
> /usr/bin/env python3 -c "import sys;print(sys.executable)"
> ~/Code/py/htools/bin/python -c "import sys;print(sys.executable)"
> /usr/bin/env python3 -c "import sys;print(sys.executable)"
> ~/Code/py/htools/bin/python -c "import sys;print(sys.executable)"
> /usr/bin/env python3 -c "import sys;print(sys.executable)"
> ~/Code/py/htools/bin/python -c "import sys;print(sys.executable)"
> /usr/bin/env python3 -c "import sys;print(sys.executable)"
> ~/Code/py/htools/bin/python -c "import sys;print(sys.executable)"
> /usr/bin/env python3 -c "import sys;print(sys.executable)"
> ~/Code/py/htools/bin/python -c "import sys;print(sys.executable)"
> /usr/bin/env python3 -c "import sys;print(sys.executable)"
> ~/Code/py/htools/bin/python -c "import sys;print(sys.executable)"
> /usr/bin/env python3 -c "import sys;print(sys.executable)"
> ~/Code/py/htools/bin/python -c "import sys;print(sys.executable)"
> /usr/bin/env python3 -c "import sys;print(sys.executable)"
> ~/Code/py/htools/bin/python -c "import sys;print(sys.executable)"
> /usr/bin/env python3 -c "import sys;print(sys.executable)"
> ~/Code/py/htools/bin/python -c "import sys;print(sys.executable)"
> ~/Code/py/htools/bin/python -m autopep8 --diff ~/Code/py/htools/packet_sniffer.py.76f78c429bb6e8159e935728553a76e3.py
cwd: ~/Code/py/htools
> ~/Code/py/htools/bin/python -m autopep8 --diff ~/Code/py/htools/packet_sniffer.py.76f78c429bb6e8159e935728553a76e3.py
cwd: ~/Code/py/htools
> ~/Code/py/htools/bin/python -m pylint --disable=all --enable=F,unreachable,duplicate-key,unnecessary-semicolon,global-variable-not-assigned,unused-variable,unused-wildcard-import,binary-op-exception,bad-format-string,anomalous-backslash-in-string,bad-open-mode,E0001,E0011,E0012,E0100,E0101,E0102,E0103,E0104,E0105,E0107,E0108,E0110,E0111,E0112,E0113,E0114,E0115,E0116,E0117,E0118,E0202,E0203,E0211,E0213,E0236,E0237,E0238,E0239,E0240,E0241,E0301,E0302,E0303,E0401,E0402,E0601,E0602,E0603,E0604,E0611,E0632,E0633,E0701,E0702,E0703,E0704,E0710,E0711,E0712,E1003,E1101,E1102,E1111,E1120,E1121,E1123,E1124,E1125,E1126,E1127,E1128,E1129,E1130,E1131,E1132,E1133,E1134,E1135,E1136,E1137,E1138,E1139,E1200,E1201,E1205,E1206,E1300,E1301,E1302,E1303,E1304,E1305,E1306,E1310,E1700,E1701 --msg-template='{line},{column},{category},{symbol}:{msg}' --reports=n --output-format=text ~/Code/py/htools/packet_sniffer.py
cwd: ~/Code/py/htools
> ~/Code/py/htools/bin/python -m pylint --disable=all --enable=F,unreachable,duplicate-key,unnecessary-semicolon,global-variable-not-assigned,unused-variable,unused-wildcard-import,binary-op-exception,bad-format-string,anomalous-backslash-in-string,bad-open-mode,E0001,E0011,E0012,E0100,E0101,E0102,E0103,E0104,E0105,E0107,E0108,E0110,E0111,E0112,E0113,E0114,E0115,E0116,E0117,E0118,E0202,E0203,E0211,E0213,E0236,E0237,E0238,E0239,E0240,E0241,E0301,E0302,E0303,E0401,E0402,E0601,E0602,E0603,E0604,E0611,E0632,E0633,E0701,E0702,E0703,E0704,E0710,E0711,E0712,E1003,E1101,E1102,E1111,E1120,E1121,E1123,E1124,E1125,E1126,E1127,E1128,E1129,E1130,E1131,E1132,E1133,E1134,E1135,E1136,E1137,E1138,E1139,E1200,E1201,E1205,E1206,E1300,E1301,E1302,E1303,E1304,E1305,E1306,E1310,E1700,E1701 --msg-template='{line},{column},{category},{symbol}:{msg}' --reports=n --output-format=text ~/Code/py/htools/packet_sniffer.py
cwd: ~/Code/py/htools
##########Linting Output - pylint##########
************* Module packet_sniffer
15,12,warning,unused-variable:Unused variable 'load'

-------------------------------------------------------------------
Your code has been rated at 8.89/10 (previous run: 10.00/10, -1.11)

> /usr/bin/env python3 -c "import sys;print(sys.executable)"
> ~/Code/py/htools/bin/python -c "import sys;print(sys.executable)"
> /usr/bin/env python3 -c "import sys;print(sys.executable)"
> ~/Code/py/htools/bin/python -c "import sys;print(sys.executable)"
> /usr/bin/env python3 -c "import sys;print(sys.executable)"
> ~/Code/py/htools/bin/python -c "import sys;print(sys.executable)"
> /usr/bin/env python3 -c "import sys;print(sys.executable)"
> ~/Code/py/htools/bin/python -c "import sys;print(sys.executable)"
> /usr/bin/env python3 -c "import sys;print(sys.executable)"
> ~/Code/py/htools/bin/python -c "import sys;print(sys.executable)"
> /usr/bin/env python3 -c "import sys;print(sys.executable)"
> ~/Code/py/htools/bin/python -c "import sys;print(sys.executable)"
> /usr/bin/env python3 -c "import sys;print(sys.executable)"
> ~/Code/py/htools/bin/python -c "import sys;print(sys.executable)"
> /usr/bin/env python3 -c "import sys;print(sys.executable)"
> ~/Code/py/htools/bin/python -c "import sys;print(sys.executable)"
> /usr/bin/env python3 -c "import sys;print(sys.executable)"
> ~/Code/py/htools/bin/python -c "import sys;print(sys.executable)"
> /usr/bin/env python3 -c "import sys;print(sys.executable)"
> ~/Code/py/htools/bin/python -c "import sys;print(sys.executable)"
> /usr/bin/env python3 -c "import sys;print(sys.executable)"
> ~/Code/py/htools/bin/python -c "import sys;print(sys.executable)"
> /usr/bin/env python3 -c "import sys;print(sys.executable)"
> ~/Code/py/htools/bin/python -c "import sys;print(sys.executable)"
> /usr/bin/env python3 -c "import sys;print(sys.executable)"
> ~/Code/py/htools/bin/python -c "import sys;print(sys.executable)"
> /usr/bin/env python3 -c "import sys;print(sys.executable)"
> ~/Code/py/htools/bin/python -c "import sys;print(sys.executable)"
> /usr/bin/env python3 -c "import sys;print(sys.executable)"
> ~/Code/py/htools/bin/python -c "import sys;print(sys.executable)"
> /usr/bin/env python3 -c "import sys;print(sys.executable)"
> ~/Code/py/htools/bin/python -c "import sys;print(sys.executable)"
> /usr/bin/env python3 -c "import sys;print(sys.executable)"
> ~/Code/py/htools/bin/python -c "import sys;print(sys.executable)"
> /usr/bin/env python3 -c "import sys;print(sys.executable)"
> ~/Code/py/htools/bin/python -c "import sys;print(sys.executable)"
> /usr/bin/env python3 -c "import sys;print(sys.executable)"
> ~/Code/py/htools/bin/python -c "import sys;print(sys.executable)"
> /usr/bin/env python3 -c "import sys;print(sys.executable)"
> ~/Code/py/htools/bin/python -c "import sys;print(sys.executable)"
> /usr/bin/env python3 -c "import sys;print(sys.executable)"
> ~/Code/py/htools/bin/python -c "import sys;print(sys.executable)"
> /usr/bin/env python3 -c "import sys;print(sys.executable)"
> ~/Code/py/htools/bin/python -c "import sys;print(sys.executable)"
> /usr/bin/env python3 -c "import sys;print(sys.executable)"
> ~/Code/py/htools/bin/python -c "import sys;print(sys.executable)"
> /usr/bin/env python3 -c "import sys;print(sys.executable)"
> ~/Code/py/htools/bin/python -c "import sys;print(sys.executable)"
> /usr/bin/env python3 -c "import sys;print(sys.executable)"
> ~/Code/py/htools/bin/python -c "import sys;print(sys.executable)"
> /usr/bin/env python3 -c "import sys;print(sys.executable)"
> ~/Code/py/htools/bin/python -c "import sys;print(sys.executable)"
> /usr/bin/env python3 -c "import sys;print(sys.executable)"
> ~/Code/py/htools/bin/python -c "import sys;print(sys.executable)"
> /usr/bin/env python3 -c "import sys;print(sys.executable)"
> ~/Code/py/htools/bin/python -c "import sys;print(sys.executable)"
> /usr/bin/env python3 -c "import sys;print(sys.executable)"
> ~/Code/py/htools/bin/python -c "import sys;print(sys.executable)"
> /usr/bin/env python3 -c "import sys;print(sys.executable)"
> ~/Code/py/htools/bin/python -c "import sys;print(sys.executable)"
> /usr/bin/env python3 -c "import sys;print(sys.executable)"
> ~/Code/py/htools/bin/python -c "import sys;print(sys.executable)"
> /usr/bin/env python3 -c "import sys;print(sys.executable)"
> ~/Code/py/htools/bin/python -c "import sys;print(sys.executable)"
> /usr/bin/env python3 -c "import sys;print(sys.executable)"
> ~/Code/py/htools/bin/python -c "import sys;print(sys.executable)"
> /usr/bin/env python3 -c "import sys;print(sys.executable)"
> ~/Code/py/htools/bin/python -c "import sys;print(sys.executable)"
> /usr/bin/env python3 -c "import sys;print(sys.executable)"
> ~/Code/py/htools/bin/python -c "import sys;print(sys.executable)"
> /usr/bin/env python3 -c "import sys;print(sys.executable)"
> ~/Code/py/htools/bin/python -c "import sys;print(sys.executable)"
> /usr/bin/env python3 -c "import sys;print(sys.executable)"
> ~/Code/py/htools/bin/python -c "import sys;print(sys.executable)"
> /usr/bin/env python3 -c "import sys;print(sys.executable)"
> ~/Code/py/htools/bin/python -c "import sys;print(sys.executable)"
> ~/Code/py/htools/bin/python -m autopep8 --diff ~/Code/py/htools/packet_sniffer.py.76f78c429bb6e8159e935728553a76e3.py
cwd: ~/Code/py/htools
> ~/Code/py/htools/bin/python -m autopep8 --diff ~/Code/py/htools/packet_sniffer.py.76f78c429bb6e8159e935728553a76e3.py
cwd: ~/Code/py/htools
> ~/Code/py/htools/bin/python -m pylint --disable=all --enable=F,unreachable,duplicate-key,unnecessary-semicolon,global-variable-not-assigned,unused-variable,unused-wildcard-import,binary-op-exception,bad-format-string,anomalous-backslash-in-string,bad-open-mode,E0001,E0011,E0012,E0100,E0101,E0102,E0103,E0104,E0105,E0107,E0108,E0110,E0111,E0112,E0113,E0114,E0115,E0116,E0117,E0118,E0202,E0203,E0211,E0213,E0236,E0237,E0238,E0239,E0240,E0241,E0301,E0302,E0303,E0401,E0402,E0601,E0602,E0603,E0604,E0611,E0632,E0633,E0701,E0702,E0703,E0704,E0710,E0711,E0712,E1003,E1101,E1102,E1111,E1120,E1121,E1123,E1124,E1125,E1126,E1127,E1128,E1129,E1130,E1131,E1132,E1133,E1134,E1135,E1136,E1137,E1138,E1139,E1200,E1201,E1205,E1206,E1300,E1301,E1302,E1303,E1304,E1305,E1306,E1310,E1700,E1701 --msg-template='{line},{column},{category},{symbol}:{msg}' --reports=n --output-format=text ~/Code/py/htools/packet_sniffer.py
cwd: ~/Code/py/htools
> ~/Code/py/htools/bin/python -m pylint --disable=all --enable=F,unreachable,duplicate-key,unnecessary-semicolon,global-variable-not-assigned,unused-variable,unused-wildcard-import,binary-op-exception,bad-format-string,anomalous-backslash-in-string,bad-open-mode,E0001,E0011,E0012,E0100,E0101,E0102,E0103,E0104,E0105,E0107,E0108,E0110,E0111,E0112,E0113,E0114,E0115,E0116,E0117,E0118,E0202,E0203,E0211,E0213,E0236,E0237,E0238,E0239,E0240,E0241,E0301,E0302,E0303,E0401,E0402,E0601,E0602,E0603,E0604,E0611,E0632,E0633,E0701,E0702,E0703,E0704,E0710,E0711,E0712,E1003,E1101,E1102,E1111,E1120,E1121,E1123,E1124,E1125,E1126,E1127,E1128,E1129,E1130,E1131,E1132,E1133,E1134,E1135,E1136,E1137,E1138,E1139,E1200,E1201,E1205,E1206,E1300,E1301,E1302,E1303,E1304,E1305,E1306,E1310,E1700,E1701 --msg-template='{line},{column},{category},{symbol}:{msg}' --reports=n --output-format=text ~/Code/py/htools/packet_sniffer.py
cwd: ~/Code/py/htools
> /usr/bin/env python3 -c "import sys;print(sys.executable)"
> ~/Code/py/htools/bin/python -c "import sys;print(sys.executable)"
##########Linting Output - pylint##########

-------------------------------------------------------------------
Your code has been rated at 10.00/10 (previous run: 8.89/10, +1.11)

> /usr/bin/env python3 -c "import sys;print(sys.executable)"
> ~/Code/py/htools/bin/python -c "import sys;print(sys.executable)"
> /usr/bin/env python3 -c "import sys;print(sys.executable)"
> ~/Code/py/htools/bin/python -c "import sys;print(sys.executable)"
> /usr/bin/env python3 -c "import sys;print(sys.executable)"
> ~/Code/py/htools/bin/python -c "import sys;print(sys.executable)"
> /usr/bin/env python3 -c "import sys;print(sys.executable)"
> ~/Code/py/htools/bin/python -c "import sys;print(sys.executable)"
> /usr/bin/env python3 -c "import sys;print(sys.executable)"
> ~/Code/py/htools/bin/python -c "import sys;print(sys.executable)"
> /usr/bin/env python3 -c "import sys;print(sys.executable)"
> ~/Code/py/htools/bin/python -c "import sys;print(sys.executable)"
> /usr/bin/env python3 -c "import sys;print(sys.executable)"
> ~/Code/py/htools/bin/python -c "import sys;print(sys.executable)"
> /usr/bin/env python3 -c "import sys;print(sys.executable)"
> ~/Code/py/htools/bin/python -c "import sys;print(sys.executable)"
> /usr/bin/env python3 -c "import sys;print(sys.executable)"
> ~/Code/py/htools/bin/python -c "import sys;print(sys.executable)"
> /usr/bin/env python3 -c "import sys;print(sys.executable)"
> ~/Code/py/htools/bin/python -c "import sys;print(sys.executable)"
> /usr/bin/env python3 -c "import sys;print(sys.executable)"
> ~/Code/py/htools/bin/python -c "import sys;print(sys.executable)"
> /usr/bin/env python3 -c "import sys;print(sys.executable)"
> ~/Code/py/htools/bin/python -c "import sys;print(sys.executable)"
> /usr/bin/env python3 -c "import sys;print(sys.executable)"
> ~/Code/py/htools/bin/python -c "import sys;print(sys.executable)"
> /usr/bin/env python3 -c "import sys;print(sys.executable)"
> ~/Code/py/htools/bin/python -c "import sys;print(sys.executable)"
> /usr/bin/env python3 -c "import sys;print(sys.executable)"
> ~/Code/py/htools/bin/python -c "import sys;print(sys.executable)"
> /usr/bin/env python3 -c "import sys;print(sys.executable)"
> ~/Code/py/htools/bin/python -c "import sys;print(sys.executable)"
> /usr/bin/env python3 -c "import sys;print(sys.executable)"
> ~/Code/py/htools/bin/python -c "import sys;print(sys.executable)"
> ~/Code/py/htools/bin/python -m autopep8 --diff ~/Code/py/htools/packet_sniffer.py.76f78c429bb6e8159e935728553a76e3.py
cwd: ~/Code/py/htools
> ~/Code/py/htools/bin/python -m autopep8 --diff ~/Code/py/htools/packet_sniffer.py.76f78c429bb6e8159e935728553a76e3.py
cwd: ~/Code/py/htools
> ~/Code/py/htools/bin/python -m pylint --disable=all --enable=F,unreachable,duplicate-key,unnecessary-semicolon,global-variable-not-assigned,unused-variable,unused-wildcard-import,binary-op-exception,bad-format-string,anomalous-backslash-in-string,bad-open-mode,E0001,E0011,E0012,E0100,E0101,E0102,E0103,E0104,E0105,E0107,E0108,E0110,E0111,E0112,E0113,E0114,E0115,E0116,E0117,E0118,E0202,E0203,E0211,E0213,E0236,E0237,E0238,E0239,E0240,E0241,E0301,E0302,E0303,E0401,E0402,E0601,E0602,E0603,E0604,E0611,E0632,E0633,E0701,E0702,E0703,E0704,E0710,E0711,E0712,E1003,E1101,E1102,E1111,E1120,E1121,E1123,E1124,E1125,E1126,E1127,E1128,E1129,E1130,E1131,E1132,E1133,E1134,E1135,E1136,E1137,E1138,E1139,E1200,E1201,E1205,E1206,E1300,E1301,E1302,E1303,E1304,E1305,E1306,E1310,E1700,E1701 --msg-template='{line},{column},{category},{symbol}:{msg}' --reports=n --output-format=text ~/Code/py/htools/packet_sniffer.py
cwd: ~/Code/py/htools
> ~/Code/py/htools/bin/python -m pylint --disable=all --enable=F,unreachable,duplicate-key,unnecessary-semicolon,global-variable-not-assigned,unused-variable,unused-wildcard-import,binary-op-exception,bad-format-string,anomalous-backslash-in-string,bad-open-mode,E0001,E0011,E0012,E0100,E0101,E0102,E0103,E0104,E0105,E0107,E0108,E0110,E0111,E0112,E0113,E0114,E0115,E0116,E0117,E0118,E0202,E0203,E0211,E0213,E0236,E0237,E0238,E0239,E0240,E0241,E0301,E0302,E0303,E0401,E0402,E0601,E0602,E0603,E0604,E0611,E0632,E0633,E0701,E0702,E0703,E0704,E0710,E0711,E0712,E1003,E1101,E1102,E1111,E1120,E1121,E1123,E1124,E1125,E1126,E1127,E1128,E1129,E1130,E1131,E1132,E1133,E1134,E1135,E1136,E1137,E1138,E1139,E1200,E1201,E1205,E1206,E1300,E1301,E1302,E1303,E1304,E1305,E1306,E1310,E1700,E1701 --msg-template='{line},{column},{category},{symbol}:{msg}' --reports=n --output-format=text ~/Code/py/htools/packet_sniffer.py
cwd: ~/Code/py/htools
##########Linting Output - pylint##########

--------------------------------------------------------------------
Your code has been rated at 10.00/10 (previous run: 10.00/10, +0.00)

> /usr/bin/env python3 -c "import sys;print(sys.executable)"
> ~/Code/py/htools/bin/python -c "import sys;print(sys.executable)"
> /usr/bin/env python3 -c "import sys;print(sys.executable)"
> ~/Code/py/htools/bin/python -c "import sys;print(sys.executable)"
> ~/Code/py/htools/bin/python -m autopep8 --diff ~/Code/py/htools/packet_sniffer.py.76f78c429bb6e8159e935728553a76e3.py
cwd: ~/Code/py/htools
> ~/Code/py/htools/bin/python -m autopep8 --diff ~/Code/py/htools/packet_sniffer.py.76f78c429bb6e8159e935728553a76e3.py
cwd: ~/Code/py/htools
> ~/Code/py/htools/bin/python -m pylint --disable=all --enable=F,unreachable,duplicate-key,unnecessary-semicolon,global-variable-not-assigned,unused-variable,unused-wildcard-import,binary-op-exception,bad-format-string,anomalous-backslash-in-string,bad-open-mode,E0001,E0011,E0012,E0100,E0101,E0102,E0103,E0104,E0105,E0107,E0108,E0110,E0111,E0112,E0113,E0114,E0115,E0116,E0117,E0118,E0202,E0203,E0211,E0213,E0236,E0237,E0238,E0239,E0240,E0241,E0301,E0302,E0303,E0401,E0402,E0601,E0602,E0603,E0604,E0611,E0632,E0633,E0701,E0702,E0703,E0704,E0710,E0711,E0712,E1003,E1101,E1102,E1111,E1120,E1121,E1123,E1124,E1125,E1126,E1127,E1128,E1129,E1130,E1131,E1132,E1133,E1134,E1135,E1136,E1137,E1138,E1139,E1200,E1201,E1205,E1206,E1300,E1301,E1302,E1303,E1304,E1305,E1306,E1310,E1700,E1701 --msg-template='{line},{column},{category},{symbol}:{msg}' --reports=n --output-format=text ~/Code/py/htools/packet_sniffer.py
cwd: ~/Code/py/htools
> ~/Code/py/htools/bin/python -m pylint --disable=all --enable=F,unreachable,duplicate-key,unnecessary-semicolon,global-variable-not-assigned,unused-variable,unused-wildcard-import,binary-op-exception,bad-format-string,anomalous-backslash-in-string,bad-open-mode,E0001,E0011,E0012,E0100,E0101,E0102,E0103,E0104,E0105,E0107,E0108,E0110,E0111,E0112,E0113,E0114,E0115,E0116,E0117,E0118,E0202,E0203,E0211,E0213,E0236,E0237,E0238,E0239,E0240,E0241,E0301,E0302,E0303,E0401,E0402,E0601,E0602,E0603,E0604,E0611,E0632,E0633,E0701,E0702,E0703,E0704,E0710,E0711,E0712,E1003,E1101,E1102,E1111,E1120,E1121,E1123,E1124,E1125,E1126,E1127,E1128,E1129,E1130,E1131,E1132,E1133,E1134,E1135,E1136,E1137,E1138,E1139,E1200,E1201,E1205,E1206,E1300,E1301,E1302,E1303,E1304,E1305,E1306,E1310,E1700,E1701 --msg-template='{line},{column},{category},{symbol}:{msg}' --reports=n --output-format=text ~/Code/py/htools/packet_sniffer.py
cwd: ~/Code/py/htools
##########Linting Output - pylint##########

--------------------------------------------------------------------
Your code has been rated at 10.00/10 (previous run: 10.00/10, +0.00)

> /usr/bin/env python3 -c "import sys;print(sys.executable)"
> ~/Code/py/htools/bin/python -c "import sys;print(sys.executable)"
> /usr/bin/env python3 -c "import sys;print(sys.executable)"
> ~/Code/py/htools/bin/python -c "import sys;print(sys.executable)"
> /usr/bin/env python3 -c "import sys;print(sys.executable)"
> ~/Code/py/htools/bin/python -c "import sys;print(sys.executable)"
> /usr/bin/env python3 -c "import sys;print(sys.executable)"
> ~/Code/py/htools/bin/python -c "import sys;print(sys.executable)"
> /usr/bin/env python3 -c "import sys;print(sys.executable)"
> ~/Code/py/htools/bin/python -c "import sys;print(sys.executable)"
> ~/Code/py/htools/bin/python -m autopep8 --diff ~/Code/py/htools/packet_sniffer.py.76f78c429bb6e8159e935728553a76e3.py
cwd: ~/Code/py/htools
> ~/Code/py/htools/bin/python -m autopep8 --diff ~/Code/py/htools/packet_sniffer.py.76f78c429bb6e8159e935728553a76e3.py
cwd: ~/Code/py/htools
> ~/Code/py/htools/bin/python -m pylint --disable=all --enable=F,unreachable,duplicate-key,unnecessary-semicolon,global-variable-not-assigned,unused-variable,unused-wildcard-import,binary-op-exception,bad-format-string,anomalous-backslash-in-string,bad-open-mode,E0001,E0011,E0012,E0100,E0101,E0102,E0103,E0104,E0105,E0107,E0108,E0110,E0111,E0112,E0113,E0114,E0115,E0116,E0117,E0118,E0202,E0203,E0211,E0213,E0236,E0237,E0238,E0239,E0240,E0241,E0301,E0302,E0303,E0401,E0402,E0601,E0602,E0603,E0604,E0611,E0632,E0633,E0701,E0702,E0703,E0704,E0710,E0711,E0712,E1003,E1101,E1102,E1111,E1120,E1121,E1123,E1124,E1125,E1126,E1127,E1128,E1129,E1130,E1131,E1132,E1133,E1134,E1135,E1136,E1137,E1138,E1139,E1200,E1201,E1205,E1206,E1300,E1301,E1302,E1303,E1304,E1305,E1306,E1310,E1700,E1701 --msg-template='{line},{column},{category},{symbol}:{msg}' --reports=n --output-format=text ~/Code/py/htools/packet_sniffer.py
cwd: ~/Code/py/htools
> ~/Code/py/htools/bin/python -m pylint --disable=all --enable=F,unreachable,duplicate-key,unnecessary-semicolon,global-variable-not-assigned,unused-variable,unused-wildcard-import,binary-op-exception,bad-format-string,anomalous-backslash-in-string,bad-open-mode,E0001,E0011,E0012,E0100,E0101,E0102,E0103,E0104,E0105,E0107,E0108,E0110,E0111,E0112,E0113,E0114,E0115,E0116,E0117,E0118,E0202,E0203,E0211,E0213,E0236,E0237,E0238,E0239,E0240,E0241,E0301,E0302,E0303,E0401,E0402,E0601,E0602,E0603,E0604,E0611,E0632,E0633,E0701,E0702,E0703,E0704,E0710,E0711,E0712,E1003,E1101,E1102,E1111,E1120,E1121,E1123,E1124,E1125,E1126,E1127,E1128,E1129,E1130,E1131,E1132,E1133,E1134,E1135,E1136,E1137,E1138,E1139,E1200,E1201,E1205,E1206,E1300,E1301,E1302,E1303,E1304,E1305,E1306,E1310,E1700,E1701 --msg-template='{line},{column},{category},{symbol}:{msg}' --reports=n --output-format=text ~/Code/py/htools/packet_sniffer.py
cwd: ~/Code/py/htools
##########Linting Output - pylint##########

--------------------------------------------------------------------
Your code has been rated at 10.00/10 (previous run: 10.00/10, +0.00)

> /usr/bin/env python3 -c "import sys;print(sys.executable)"
> ~/Code/py/htools/bin/python -c "import sys;print(sys.executable)"
> /usr/bin/env python3 -c "import sys;print(sys.executable)"
> ~/Code/py/htools/bin/python -c "import sys;print(sys.executable)"
> /usr/bin/env python3 -c "import sys;print(sys.executable)"
> ~/Code/py/htools/bin/python -c "import sys;print(sys.executable)"
> /usr/bin/env python3 -c "import sys;print(sys.executable)"
> ~/Code/py/htools/bin/python -c "import sys;print(sys.executable)"
> ~/Code/py/htools/bin/python -m autopep8 --diff ~/Code/py/htools/packet_sniffer.py.76f78c429bb6e8159e935728553a76e3.py
cwd: ~/Code/py/htools
> ~/Code/py/htools/bin/python -m autopep8 --diff ~/Code/py/htools/packet_sniffer.py.76f78c429bb6e8159e935728553a76e3.py
cwd: ~/Code/py/htools
> ~/Code/py/htools/bin/python -m pylint --disable=all --enable=F,unreachable,duplicate-key,unnecessary-semicolon,global-variable-not-assigned,unused-variable,unused-wildcard-import,binary-op-exception,bad-format-string,anomalous-backslash-in-string,bad-open-mode,E0001,E0011,E0012,E0100,E0101,E0102,E0103,E0104,E0105,E0107,E0108,E0110,E0111,E0112,E0113,E0114,E0115,E0116,E0117,E0118,E0202,E0203,E0211,E0213,E0236,E0237,E0238,E0239,E0240,E0241,E0301,E0302,E0303,E0401,E0402,E0601,E0602,E0603,E0604,E0611,E0632,E0633,E0701,E0702,E0703,E0704,E0710,E0711,E0712,E1003,E1101,E1102,E1111,E1120,E1121,E1123,E1124,E1125,E1126,E1127,E1128,E1129,E1130,E1131,E1132,E1133,E1134,E1135,E1136,E1137,E1138,E1139,E1200,E1201,E1205,E1206,E1300,E1301,E1302,E1303,E1304,E1305,E1306,E1310,E1700,E1701 --msg-template='{line},{column},{category},{symbol}:{msg}' --reports=n --output-format=text ~/Code/py/htools/packet_sniffer.py
cwd: ~/Code/py/htools
> ~/Code/py/htools/bin/python -m pylint --disable=all --enable=F,unreachable,duplicate-key,unnecessary-semicolon,global-variable-not-assigned,unused-variable,unused-wildcard-import,binary-op-exception,bad-format-string,anomalous-backslash-in-string,bad-open-mode,E0001,E0011,E0012,E0100,E0101,E0102,E0103,E0104,E0105,E0107,E0108,E0110,E0111,E0112,E0113,E0114,E0115,E0116,E0117,E0118,E0202,E0203,E0211,E0213,E0236,E0237,E0238,E0239,E0240,E0241,E0301,E0302,E0303,E0401,E0402,E0601,E0602,E0603,E0604,E0611,E0632,E0633,E0701,E0702,E0703,E0704,E0710,E0711,E0712,E1003,E1101,E1102,E1111,E1120,E1121,E1123,E1124,E1125,E1126,E1127,E1128,E1129,E1130,E1131,E1132,E1133,E1134,E1135,E1136,E1137,E1138,E1139,E1200,E1201,E1205,E1206,E1300,E1301,E1302,E1303,E1304,E1305,E1306,E1310,E1700,E1701 --msg-template='{line},{column},{category},{symbol}:{msg}' --reports=n --output-format=text ~/Code/py/htools/packet_sniffer.py
cwd: ~/Code/py/htools
##########Linting Output - pylint##########

--------------------------------------------------------------------
Your code has been rated at 10.00/10 (previous run: 10.00/10, +0.00)

> /usr/bin/env python3 -c "import sys;print(sys.executable)"
> ~/Code/py/htools/bin/python -c "import sys;print(sys.executable)"
> /usr/bin/env python3 -c "import sys;print(sys.executable)"
> ~/Code/py/htools/bin/python -c "import sys;print(sys.executable)"
> /usr/bin/env python3 -c "import sys;print(sys.executable)"
> ~/Code/py/htools/bin/python -c "import sys;print(sys.executable)"
> /usr/bin/env python3 -c "import sys;print(sys.executable)"
> ~/Code/py/htools/bin/python -c "import sys;print(sys.executable)"
> /usr/bin/env python3 -c "import sys;print(sys.executable)"
> ~/Code/py/htools/bin/python -c "import sys;print(sys.executable)"
> /usr/bin/env python3 -c "import sys;print(sys.executable)"
> ~/Code/py/htools/bin/python -c "import sys;print(sys.executable)"
> /usr/bin/env python3 -c "import sys;print(sys.executable)"
> ~/Code/py/htools/bin/python -c "import sys;print(sys.executable)"
> /usr/bin/env python3 -c "import sys;print(sys.executable)"
> ~/Code/py/htools/bin/python -c "import sys;print(sys.executable)"
> /usr/bin/env python3 -c "import sys;print(sys.executable)"
> ~/Code/py/htools/bin/python -c "import sys;print(sys.executable)"
> /usr/bin/env python3 -c "import sys;print(sys.executable)"
> ~/Code/py/htools/bin/python -c "import sys;print(sys.executable)"
> /usr/bin/env python3 -c "import sys;print(sys.executable)"
> ~/Code/py/htools/bin/python -c "import sys;print(sys.executable)"
> /usr/bin/env python3 -c "import sys;print(sys.executable)"
> ~/Code/py/htools/bin/python -c "import sys;print(sys.executable)"
> /usr/bin/env python3 -c "import sys;print(sys.executable)"
> ~/Code/py/htools/bin/python -c "import sys;print(sys.executable)"
> /usr/bin/env python3 -c "import sys;print(sys.executable)"
> ~/Code/py/htools/bin/python -c "import sys;print(sys.executable)"
> /usr/bin/env python3 -c "import sys;print(sys.executable)"
> ~/Code/py/htools/bin/python -c "import sys;print(sys.executable)"
> /usr/bin/env python3 -c "import sys;print(sys.executable)"
> ~/Code/py/htools/bin/python -c "import sys;print(sys.executable)"
> /usr/bin/env python3 -c "import sys;print(sys.executable)"
> ~/Code/py/htools/bin/python -c "import sys;print(sys.executable)"
> /usr/bin/env python3 -c "import sys;print(sys.executable)"
> ~/Code/py/htools/bin/python -c "import sys;print(sys.executable)"
> /usr/bin/env python3 -c "import sys;print(sys.executable)"
> ~/Code/py/htools/bin/python -c "import sys;print(sys.executable)"
> /usr/bin/env python3 -c "import sys;print(sys.executable)"
> ~/Code/py/htools/bin/python -c "import sys;print(sys.executable)"
> /usr/bin/env python3 -c "import sys;print(sys.executable)"
> ~/Code/py/htools/bin/python -c "import sys;print(sys.executable)"
> /usr/bin/env python3 -c "import sys;print(sys.executable)"
> ~/Code/py/htools/bin/python -c "import sys;print(sys.executable)"
> /usr/bin/env python3 -c "import sys;print(sys.executable)"
> ~/Code/py/htools/bin/python -c "import sys;print(sys.executable)"
> /usr/bin/env python3 -c "import sys;print(sys.executable)"
> ~/Code/py/htools/bin/python -c "import sys;print(sys.executable)"
> /usr/bin/env python3 -c "import sys;print(sys.executable)"
> ~/Code/py/htools/bin/python -c "import sys;print(sys.executable)"
> /usr/bin/env python3 -c "import sys;print(sys.executable)"
> ~/Code/py/htools/bin/python -c "import sys;print(sys.executable)"
> /usr/bin/env python3 -c "import sys;print(sys.executable)"
> ~/Code/py/htools/bin/python -c "import sys;print(sys.executable)"
> /usr/bin/env python3 -c "import sys;print(sys.executable)"
> ~/Code/py/htools/bin/python -c "import sys;print(sys.executable)"
> ~/Code/py/htools/bin/python -m autopep8 --diff ~/Code/py/htools/packet_sniffer.py.76f78c429bb6e8159e935728553a76e3.py
cwd: ~/Code/py/htools
> ~/Code/py/htools/bin/python -m autopep8 --diff ~/Code/py/htools/packet_sniffer.py.76f78c429bb6e8159e935728553a76e3.py
cwd: ~/Code/py/htools
> ~/Code/py/htools/bin/python -m pylint --disable=all --enable=F,unreachable,duplicate-key,unnecessary-semicolon,global-variable-not-assigned,unused-variable,unused-wildcard-import,binary-op-exception,bad-format-string,anomalous-backslash-in-string,bad-open-mode,E0001,E0011,E0012,E0100,E0101,E0102,E0103,E0104,E0105,E0107,E0108,E0110,E0111,E0112,E0113,E0114,E0115,E0116,E0117,E0118,E0202,E0203,E0211,E0213,E0236,E0237,E0238,E0239,E0240,E0241,E0301,E0302,E0303,E0401,E0402,E0601,E0602,E0603,E0604,E0611,E0632,E0633,E0701,E0702,E0703,E0704,E0710,E0711,E0712,E1003,E1101,E1102,E1111,E1120,E1121,E1123,E1124,E1125,E1126,E1127,E1128,E1129,E1130,E1131,E1132,E1133,E1134,E1135,E1136,E1137,E1138,E1139,E1200,E1201,E1205,E1206,E1300,E1301,E1302,E1303,E1304,E1305,E1306,E1310,E1700,E1701 --msg-template='{line},{column},{category},{symbol}:{msg}' --reports=n --output-format=text ~/Code/py/htools/packet_sniffer.py
cwd: ~/Code/py/htools
> ~/Code/py/htools/bin/python -m pylint --disable=all --enable=F,unreachable,duplicate-key,unnecessary-semicolon,global-variable-not-assigned,unused-variable,unused-wildcard-import,binary-op-exception,bad-format-string,anomalous-backslash-in-string,bad-open-mode,E0001,E0011,E0012,E0100,E0101,E0102,E0103,E0104,E0105,E0107,E0108,E0110,E0111,E0112,E0113,E0114,E0115,E0116,E0117,E0118,E0202,E0203,E0211,E0213,E0236,E0237,E0238,E0239,E0240,E0241,E0301,E0302,E0303,E0401,E0402,E0601,E0602,E0603,E0604,E0611,E0632,E0633,E0701,E0702,E0703,E0704,E0710,E0711,E0712,E1003,E1101,E1102,E1111,E1120,E1121,E1123,E1124,E1125,E1126,E1127,E1128,E1129,E1130,E1131,E1132,E1133,E1134,E1135,E1136,E1137,E1138,E1139,E1200,E1201,E1205,E1206,E1300,E1301,E1302,E1303,E1304,E1305,E1306,E1310,E1700,E1701 --msg-template='{line},{column},{category},{symbol}:{msg}' --reports=n --output-format=text ~/Code/py/htools/packet_sniffer.py
cwd: ~/Code/py/htools
##########Linting Output - pylint##########

--------------------------------------------------------------------
Your code has been rated at 10.00/10 (previous run: 10.00/10, +0.00)

> /usr/bin/env python3 -c "import sys;print(sys.executable)"
> ~/Code/py/htools/bin/python -c "import sys;print(sys.executable)"
> /usr/bin/env python3 -c "import sys;print(sys.executable)"
> ~/Code/py/htools/bin/python -c "import sys;print(sys.executable)"
> /usr/bin/env python3 -c "import sys;print(sys.executable)"
> ~/Code/py/htools/bin/python -c "import sys;print(sys.executable)"
> /usr/bin/env python3 -c "import sys;print(sys.executable)"
> ~/Code/py/htools/bin/python -c "import sys;print(sys.executable)"
> /usr/bin/env python3 -c "import sys;print(sys.executable)"
> ~/Code/py/htools/bin/python -c "import sys;print(sys.executable)"
> /usr/bin/env python3 -c "import sys;print(sys.executable)"
> ~/Code/py/htools/bin/python -c "import sys;print(sys.executable)"
> /usr/bin/env python3 -c "import sys;print(sys.executable)"
> ~/Code/py/htools/bin/python -c "import sys;print(sys.executable)"
> /usr/bin/env python3 -c "import sys;print(sys.executable)"
> ~/Code/py/htools/bin/python -c "import sys;print(sys.executable)"
> /usr/bin/env python3 -c "import sys;print(sys.executable)"
> ~/Code/py/htools/bin/python -c "import sys;print(sys.executable)"
> /usr/bin/env python3 -c "import sys;print(sys.executable)"
> ~/Code/py/htools/bin/python -c "import sys;print(sys.executable)"
> /usr/bin/env python3 -c "import sys;print(sys.executable)"
> ~/Code/py/htools/bin/python -c "import sys;print(sys.executable)"
> /usr/bin/env python3 -c "import sys;print(sys.executable)"
> ~/Code/py/htools/bin/python -c "import sys;print(sys.executable)"
> /usr/bin/env python3 -c "import sys;print(sys.executable)"
> ~/Code/py/htools/bin/python -c "import sys;print(sys.executable)"
> /usr/bin/env python3 -c "import sys;print(sys.executable)"
> ~/Code/py/htools/bin/python -c "import sys;print(sys.executable)"
> /usr/bin/env python3 -c "import sys;print(sys.executable)"
> ~/Code/py/htools/bin/python -c "import sys;print(sys.executable)"
> /usr/bin/env python3 -c "import sys;print(sys.executable)"
> ~/Code/py/htools/bin/python -c "import sys;print(sys.executable)"
> /usr/bin/env python3 -c "import sys;print(sys.executable)"
> ~/Code/py/htools/bin/python -c "import sys;print(sys.executable)"
> /usr/bin/env python3 -c "import sys;print(sys.executable)"
> ~/Code/py/htools/bin/python -c "import sys;print(sys.executable)"
> /usr/bin/env python3 -c "import sys;print(sys.executable)"
> ~/Code/py/htools/bin/python -c "import sys;print(sys.executable)"
> /usr/bin/env python3 -c "import sys;print(sys.executable)"
> ~/Code/py/htools/bin/python -c "import sys;print(sys.executable)"
> /usr/bin/env python3 -c "import sys;print(sys.executable)"
> ~/Code/py/htools/bin/python -c "import sys;print(sys.executable)"
> /usr/bin/env python3 -c "import sys;print(sys.executable)"
> ~/Code/py/htools/bin/python -c "import sys;print(sys.executable)"
> /usr/bin/env python3 -c "import sys;print(sys.executable)"
> ~/Code/py/htools/bin/python -c "import sys;print(sys.executable)"
> /usr/bin/env python3 -c "import sys;print(sys.executable)"
> ~/Code/py/htools/bin/python -c "import sys;print(sys.executable)"
> /usr/bin/env python3 -c "import sys;print(sys.executable)"
> ~/Code/py/htools/bin/python -c "import sys;print(sys.executable)"
> /usr/bin/env python3 -c "import sys;print(sys.executable)"
> ~/Code/py/htools/bin/python -c "import sys;print(sys.executable)"
> /usr/bin/env python3 -c "import sys;print(sys.executable)"
> ~/Code/py/htools/bin/python -c "import sys;print(sys.executable)"
> /usr/bin/env python3 -c "import sys;print(sys.executable)"
> ~/Code/py/htools/bin/python -c "import sys;print(sys.executable)"
> /usr/bin/env python3 -c "import sys;print(sys.executable)"
> ~/Code/py/htools/bin/python -c "import sys;print(sys.executable)"
> /usr/bin/env python3 -c "import sys;print(sys.executable)"
> ~/Code/py/htools/bin/python -c "import sys;print(sys.executable)"
> /usr/bin/env python3 -c "import sys;print(sys.executable)"
> ~/Code/py/htools/bin/python -c "import sys;print(sys.executable)"
> /usr/bin/env python3 -c "import sys;print(sys.executable)"
> ~/Code/py/htools/bin/python -c "import sys;print(sys.executable)"
> /usr/bin/env python3 -c "import sys;print(sys.executable)"
> ~/Code/py/htools/bin/python -c "import sys;print(sys.executable)"
> /usr/bin/env python3 -c "import sys;print(sys.executable)"
> ~/Code/py/htools/bin/python -c "import sys;print(sys.executable)"
> /usr/bin/env python3 -c "import sys;print(sys.executable)"
> ~/Code/py/htools/bin/python -c "import sys;print(sys.executable)"
> /usr/bin/env python3 -c "import sys;print(sys.executable)"
> ~/Code/py/htools/bin/python -c "import sys;print(sys.executable)"
> /usr/bin/env python3 -c "import sys;print(sys.executable)"
> ~/Code/py/htools/bin/python -c "import sys;print(sys.executable)"
> /usr/bin/env python3 -c "import sys;print(sys.executable)"
> ~/Code/py/htools/bin/python -c "import sys;print(sys.executable)"
> /usr/bin/env python3 -c "import sys;print(sys.executable)"
> ~/Code/py/htools/bin/python -c "import sys;print(sys.executable)"
> /usr/bin/env python3 -c "import sys;print(sys.executable)"
> ~/Code/py/htools/bin/python -c "import sys;print(sys.executable)"
> /usr/bin/env python3 -c "import sys;print(sys.executable)"
> ~/Code/py/htools/bin/python -c "import sys;print(sys.executable)"
> /usr/bin/env python3 -c "import sys;print(sys.executable)"
> ~/Code/py/htools/bin/python -c "import sys;print(sys.executable)"
> /usr/bin/env python3 -c "import sys;print(sys.executable)"
> ~/Code/py/htools/bin/python -c "import sys;print(sys.executable)"
> /usr/bin/env python3 -c "import sys;print(sys.executable)"
> ~/Code/py/htools/bin/python -c "import sys;print(sys.executable)"
> /usr/bin/env python3 -c "import sys;print(sys.executable)"
> ~/Code/py/htools/bin/python -c "import sys;print(sys.executable)"
> /usr/bin/env python3 -c "import sys;print(sys.executable)"
> ~/Code/py/htools/bin/python -c "import sys;print(sys.executable)"
> /usr/bin/env python3 -c "import sys;print(sys.executable)"
> ~/Code/py/htools/bin/python -c "import sys;print(sys.executable)"
> /usr/bin/env python3 -c "import sys;print(sys.executable)"
> ~/Code/py/htools/bin/python -c "import sys;print(sys.executable)"
> /usr/bin/env python3 -c "import sys;print(sys.executable)"
> ~/Code/py/htools/bin/python -c "import sys;print(sys.executable)"
> /usr/bin/env python3 -c "import sys;print(sys.executable)"
> ~/Code/py/htools/bin/python -c "import sys;print(sys.executable)"
> /usr/bin/env python3 -c "import sys;print(sys.executable)"
> ~/Code/py/htools/bin/python -c "import sys;print(sys.executable)"
> /usr/bin/env python3 -c "import sys;print(sys.executable)"
> ~/Code/py/htools/bin/python -c "import sys;print(sys.executable)"
> /usr/bin/env python3 -c "import sys;print(sys.executable)"
> ~/Code/py/htools/bin/python -c "import sys;print(sys.executable)"
> /usr/bin/env python3 -c "import sys;print(sys.executable)"
> ~/Code/py/htools/bin/python -c "import sys;print(sys.executable)"
> /usr/bin/env python3 -c "import sys;print(sys.executable)"
> ~/Code/py/htools/bin/python -c "import sys;print(sys.executable)"
> /usr/bin/env python3 -c "import sys;print(sys.executable)"
> ~/Code/py/htools/bin/python -c "import sys;print(sys.executable)"
> /usr/bin/env python3 -c "import sys;print(sys.executable)"
> ~/Code/py/htools/bin/python -c "import sys;print(sys.executable)"
> /usr/bin/env python3 -c "import sys;print(sys.executable)"
> ~/Code/py/htools/bin/python -c "import sys;print(sys.executable)"
> /usr/bin/env python3 -c "import sys;print(sys.executable)"
> ~/Code/py/htools/bin/python -c "import sys;print(sys.executable)"
> ~/Code/py/htools/bin/python -m autopep8 --diff ~/Code/py/htools/packet_sniffer.py.76f78c429bb6e8159e935728553a76e3.py
cwd: ~/Code/py/htools
> ~/Code/py/htools/bin/python -m autopep8 --diff ~/Code/py/htools/packet_sniffer.py.76f78c429bb6e8159e935728553a76e3.py
cwd: ~/Code/py/htools
> ~/Code/py/htools/bin/python -m pylint --disable=all --enable=F,unreachable,duplicate-key,unnecessary-semicolon,global-variable-not-assigned,unused-variable,unused-wildcard-import,binary-op-exception,bad-format-string,anomalous-backslash-in-string,bad-open-mode,E0001,E0011,E0012,E0100,E0101,E0102,E0103,E0104,E0105,E0107,E0108,E0110,E0111,E0112,E0113,E0114,E0115,E0116,E0117,E0118,E0202,E0203,E0211,E0213,E0236,E0237,E0238,E0239,E0240,E0241,E0301,E0302,E0303,E0401,E0402,E0601,E0602,E0603,E0604,E0611,E0632,E0633,E0701,E0702,E0703,E0704,E0710,E0711,E0712,E1003,E1101,E1102,E1111,E1120,E1121,E1123,E1124,E1125,E1126,E1127,E1128,E1129,E1130,E1131,E1132,E1133,E1134,E1135,E1136,E1137,E1138,E1139,E1200,E1201,E1205,E1206,E1300,E1301,E1302,E1303,E1304,E1305,E1306,E1310,E1700,E1701 --msg-template='{line},{column},{category},{symbol}:{msg}' --reports=n --output-format=text ~/Code/py/htools/packet_sniffer.py
cwd: ~/Code/py/htools
> ~/Code/py/htools/bin/python -m pylint --disable=all --enable=F,unreachable,duplicate-key,unnecessary-semicolon,global-variable-not-assigned,unused-variable,unused-wildcard-import,binary-op-exception,bad-format-string,anomalous-backslash-in-string,bad-open-mode,E0001,E0011,E0012,E0100,E0101,E0102,E0103,E0104,E0105,E0107,E0108,E0110,E0111,E0112,E0113,E0114,E0115,E0116,E0117,E0118,E0202,E0203,E0211,E0213,E0236,E0237,E0238,E0239,E0240,E0241,E0301,E0302,E0303,E0401,E0402,E0601,E0602,E0603,E0604,E0611,E0632,E0633,E0701,E0702,E0703,E0704,E0710,E0711,E0712,E1003,E1101,E1102,E1111,E1120,E1121,E1123,E1124,E1125,E1126,E1127,E1128,E1129,E1130,E1131,E1132,E1133,E1134,E1135,E1136,E1137,E1138,E1139,E1200,E1201,E1205,E1206,E1300,E1301,E1302,E1303,E1304,E1305,E1306,E1310,E1700,E1701 --msg-template='{line},{column},{category},{symbol}:{msg}' --reports=n --output-format=text ~/Code/py/htools/packet_sniffer.py
cwd: ~/Code/py/htools
##########Linting Output - pylint##########
************* Module packet_sniffer
16,12,warning,unused-variable:Unused variable 'keywords'

-------------------------------------------------------------------
Your code has been rated at 9.17/10 (previous run: 10.00/10, -0.83)

> /usr/bin/env python3 -c "import sys;print(sys.executable)"
> ~/Code/py/htools/bin/python -c "import sys;print(sys.executable)"
> /usr/bin/env python3 -c "import sys;print(sys.executable)"
> ~/Code/py/htools/bin/python -c "import sys;print(sys.executable)"
> /usr/bin/env python3 -c "import sys;print(sys.executable)"
> ~/Code/py/htools/bin/python -c "import sys;print(sys.executable)"
> /usr/bin/env python3 -c "import sys;print(sys.executable)"
> ~/Code/py/htools/bin/python -c "import sys;print(sys.executable)"
> /usr/bin/env python3 -c "import sys;print(sys.executable)"
> ~/Code/py/htools/bin/python -c "import sys;print(sys.executable)"
> /usr/bin/env python3 -c "import sys;print(sys.executable)"
> ~/Code/py/htools/bin/python -c "import sys;print(sys.executable)"
> /usr/bin/env python3 -c "import sys;print(sys.executable)"
> ~/Code/py/htools/bin/python -c "import sys;print(sys.executable)"
> /usr/bin/env python3 -c "import sys;print(sys.executable)"
> ~/Code/py/htools/bin/python -c "import sys;print(sys.executable)"
> /usr/bin/env python3 -c "import sys;print(sys.executable)"
> ~/Code/py/htools/bin/python -c "import sys;print(sys.executable)"
> /usr/bin/env python3 -c "import sys;print(sys.executable)"
> ~/Code/py/htools/bin/python -c "import sys;print(sys.executable)"
> /usr/bin/env python3 -c "import sys;print(sys.executable)"
> ~/Code/py/htools/bin/python -c "import sys;print(sys.executable)"
> /usr/bin/env python3 -c "import sys;print(sys.executable)"
> ~/Code/py/htools/bin/python -c "import sys;print(sys.executable)"
> /usr/bin/env python3 -c "import sys;print(sys.executable)"
> ~/Code/py/htools/bin/python -c "import sys;print(sys.executable)"
> /usr/bin/env python3 -c "import sys;print(sys.executable)"
> ~/Code/py/htools/bin/python -c "import sys;print(sys.executable)"
> /usr/bin/env python3 -c "import sys;print(sys.executable)"
> ~/Code/py/htools/bin/python -c "import sys;print(sys.executable)"
> /usr/bin/env python3 -c "import sys;print(sys.executable)"
> ~/Code/py/htools/bin/python -c "import sys;print(sys.executable)"
> /usr/bin/env python3 -c "import sys;print(sys.executable)"
> ~/Code/py/htools/bin/python -c "import sys;print(sys.executable)"
> /usr/bin/env python3 -c "import sys;print(sys.executable)"
> ~/Code/py/htools/bin/python -c "import sys;print(sys.executable)"
> /usr/bin/env python3 -c "import sys;print(sys.executable)"
> ~/Code/py/htools/bin/python -c "import sys;print(sys.executable)"
> /usr/bin/env python3 -c "import sys;print(sys.executable)"
> ~/Code/py/htools/bin/python -c "import sys;print(sys.executable)"
> /usr/bin/env python3 -c "import sys;print(sys.executable)"
> ~/Code/py/htools/bin/python -c "import sys;print(sys.executable)"
> /usr/bin/env python3 -c "import sys;print(sys.executable)"
> ~/Code/py/htools/bin/python -c "import sys;print(sys.executable)"
> /usr/bin/env python3 -c "import sys;print(sys.executable)"
> ~/Code/py/htools/bin/python -c "import sys;print(sys.executable)"
> ~/Code/py/htools/bin/python -m autopep8 --diff ~/Code/py/htools/packet_sniffer.py.76f78c429bb6e8159e935728553a76e3.py
cwd: ~/Code/py/htools
> ~/Code/py/htools/bin/python -m autopep8 --diff ~/Code/py/htools/packet_sniffer.py.76f78c429bb6e8159e935728553a76e3.py
cwd: ~/Code/py/htools
> ~/Code/py/htools/bin/python -m pylint --disable=all --enable=F,unreachable,duplicate-key,unnecessary-semicolon,global-variable-not-assigned,unused-variable,unused-wildcard-import,binary-op-exception,bad-format-string,anomalous-backslash-in-string,bad-open-mode,E0001,E0011,E0012,E0100,E0101,E0102,E0103,E0104,E0105,E0107,E0108,E0110,E0111,E0112,E0113,E0114,E0115,E0116,E0117,E0118,E0202,E0203,E0211,E0213,E0236,E0237,E0238,E0239,E0240,E0241,E0301,E0302,E0303,E0401,E0402,E0601,E0602,E0603,E0604,E0611,E0632,E0633,E0701,E0702,E0703,E0704,E0710,E0711,E0712,E1003,E1101,E1102,E1111,E1120,E1121,E1123,E1124,E1125,E1126,E1127,E1128,E1129,E1130,E1131,E1132,E1133,E1134,E1135,E1136,E1137,E1138,E1139,E1200,E1201,E1205,E1206,E1300,E1301,E1302,E1303,E1304,E1305,E1306,E1310,E1700,E1701 --msg-template='{line},{column},{category},{symbol}:{msg}' --reports=n --output-format=text ~/Code/py/htools/packet_sniffer.py
cwd: ~/Code/py/htools
> ~/Code/py/htools/bin/python -m pylint --disable=all --enable=F,unreachable,duplicate-key,unnecessary-semicolon,global-variable-not-assigned,unused-variable,unused-wildcard-import,binary-op-exception,bad-format-string,anomalous-backslash-in-string,bad-open-mode,E0001,E0011,E0012,E0100,E0101,E0102,E0103,E0104,E0105,E0107,E0108,E0110,E0111,E0112,E0113,E0114,E0115,E0116,E0117,E0118,E0202,E0203,E0211,E0213,E0236,E0237,E0238,E0239,E0240,E0241,E0301,E0302,E0303,E0401,E0402,E0601,E0602,E0603,E0604,E0611,E0632,E0633,E0701,E0702,E0703,E0704,E0710,E0711,E0712,E1003,E1101,E1102,E1111,E1120,E1121,E1123,E1124,E1125,E1126,E1127,E1128,E1129,E1130,E1131,E1132,E1133,E1134,E1135,E1136,E1137,E1138,E1139,E1200,E1201,E1205,E1206,E1300,E1301,E1302,E1303,E1304,E1305,E1306,E1310,E1700,E1701 --msg-template='{line},{column},{category},{symbol}:{msg}' --reports=n --output-format=text ~/Code/py/htools/packet_sniffer.py
cwd: ~/Code/py/htools
##########Linting Output - pylint##########
************* Module packet_sniffer
16,12,warning,unused-variable:Unused variable 'keywords'
17,16,warning,unused-variable:Unused variable 'keyword'

------------------------------------------------------------------
Your code has been rated at 8.33/10 (previous run: 9.17/10, -0.83)

> /usr/bin/env python3 -c "import sys;print(sys.executable)"
> ~/Code/py/htools/bin/python -c "import sys;print(sys.executable)"
> /usr/bin/env python3 -c "import sys;print(sys.executable)"
> ~/Code/py/htools/bin/python -c "import sys;print(sys.executable)"
> /usr/bin/env python3 -c "import sys;print(sys.executable)"
> ~/Code/py/htools/bin/python -c "import sys;print(sys.executable)"
> /usr/bin/env python3 -c "import sys;print(sys.executable)"
> ~/Code/py/htools/bin/python -c "import sys;print(sys.executable)"
> /usr/bin/env python3 -c "import sys;print(sys.executable)"
> ~/Code/py/htools/bin/python -c "import sys;print(sys.executable)"
> ~/Code/py/htools/bin/python -m autopep8 --diff ~/Code/py/htools/packet_sniffer.py.76f78c429bb6e8159e935728553a76e3.py
cwd: ~/Code/py/htools
> ~/Code/py/htools/bin/python -m autopep8 --diff ~/Code/py/htools/packet_sniffer.py.76f78c429bb6e8159e935728553a76e3.py
cwd: ~/Code/py/htools
> ~/Code/py/htools/bin/python -m pylint --disable=all --enable=F,unreachable,duplicate-key,unnecessary-semicolon,global-variable-not-assigned,unused-variable,unused-wildcard-import,binary-op-exception,bad-format-string,anomalous-backslash-in-string,bad-open-mode,E0001,E0011,E0012,E0100,E0101,E0102,E0103,E0104,E0105,E0107,E0108,E0110,E0111,E0112,E0113,E0114,E0115,E0116,E0117,E0118,E0202,E0203,E0211,E0213,E0236,E0237,E0238,E0239,E0240,E0241,E0301,E0302,E0303,E0401,E0402,E0601,E0602,E0603,E0604,E0611,E0632,E0633,E0701,E0702,E0703,E0704,E0710,E0711,E0712,E1003,E1101,E1102,E1111,E1120,E1121,E1123,E1124,E1125,E1126,E1127,E1128,E1129,E1130,E1131,E1132,E1133,E1134,E1135,E1136,E1137,E1138,E1139,E1200,E1201,E1205,E1206,E1300,E1301,E1302,E1303,E1304,E1305,E1306,E1310,E1700,E1701 --msg-template='{line},{column},{category},{symbol}:{msg}' --reports=n --output-format=text ~/Code/py/htools/packet_sniffer.py
cwd: ~/Code/py/htools
> ~/Code/py/htools/bin/python -m pylint --disable=all --enable=F,unreachable,duplicate-key,unnecessary-semicolon,global-variable-not-assigned,unused-variable,unused-wildcard-import,binary-op-exception,bad-format-string,anomalous-backslash-in-string,bad-open-mode,E0001,E0011,E0012,E0100,E0101,E0102,E0103,E0104,E0105,E0107,E0108,E0110,E0111,E0112,E0113,E0114,E0115,E0116,E0117,E0118,E0202,E0203,E0211,E0213,E0236,E0237,E0238,E0239,E0240,E0241,E0301,E0302,E0303,E0401,E0402,E0601,E0602,E0603,E0604,E0611,E0632,E0633,E0701,E0702,E0703,E0704,E0710,E0711,E0712,E1003,E1101,E1102,E1111,E1120,E1121,E1123,E1124,E1125,E1126,E1127,E1128,E1129,E1130,E1131,E1132,E1133,E1134,E1135,E1136,E1137,E1138,E1139,E1200,E1201,E1205,E1206,E1300,E1301,E1302,E1303,E1304,E1305,E1306,E1310,E1700,E1701 --msg-template='{line},{column},{category},{symbol}:{msg}' --reports=n --output-format=text ~/Code/py/htools/packet_sniffer.py
cwd: ~/Code/py/htools
##########Linting Output - pylint##########
************* Module packet_sniffer
16,12,warning,unused-variable:Unused variable 'keywords'
17,16,warning,unused-variable:Unused variable 'keyword'

------------------------------------------------------------------
Your code has been rated at 8.33/10 (previous run: 8.33/10, +0.00)

> /usr/bin/env python3 -c "import sys;print(sys.executable)"
> ~/Code/py/htools/bin/python -c "import sys;print(sys.executable)"
> /usr/bin/env python3 -c "import sys;print(sys.executable)"
> ~/Code/py/htools/bin/python -c "import sys;print(sys.executable)"
> /usr/bin/env python3 -c "import sys;print(sys.executable)"
> ~/Code/py/htools/bin/python -c "import sys;print(sys.executable)"
> /usr/bin/env python3 -c "import sys;print(sys.executable)"
> ~/Code/py/htools/bin/python -c "import sys;print(sys.executable)"
> /usr/bin/env python3 -c "import sys;print(sys.executable)"
> ~/Code/py/htools/bin/python -c "import sys;print(sys.executable)"
> /usr/bin/env python3 -c "import sys;print(sys.executable)"
> ~/Code/py/htools/bin/python -c "import sys;print(sys.executable)"
> /usr/bin/env python3 -c "import sys;print(sys.executable)"
> ~/Code/py/htools/bin/python -c "import sys;print(sys.executable)"
> /usr/bin/env python3 -c "import sys;print(sys.executable)"
> ~/Code/py/htools/bin/python -c "import sys;print(sys.executable)"
> /usr/bin/env python3 -c "import sys;print(sys.executable)"
> ~/Code/py/htools/bin/python -c "import sys;print(sys.executable)"
> /usr/bin/env python3 -c "import sys;print(sys.executable)"
> ~/Code/py/htools/bin/python -c "import sys;print(sys.executable)"
> /usr/bin/env python3 -c "import sys;print(sys.executable)"
> ~/Code/py/htools/bin/python -c "import sys;print(sys.executable)"
> /usr/bin/env python3 -c "import sys;print(sys.executable)"
> ~/Code/py/htools/bin/python -c "import sys;print(sys.executable)"
> /usr/bin/env python3 -c "import sys;print(sys.executable)"
> ~/Code/py/htools/bin/python -c "import sys;print(sys.executable)"
> /usr/bin/env python3 -c "import sys;print(sys.executable)"
> ~/Code/py/htools/bin/python -c "import sys;print(sys.executable)"
> /usr/bin/env python3 -c "import sys;print(sys.executable)"
> ~/Code/py/htools/bin/python -c "import sys;print(sys.executable)"
> /usr/bin/env python3 -c "import sys;print(sys.executable)"
> ~/Code/py/htools/bin/python -c "import sys;print(sys.executable)"
> /usr/bin/env python3 -c "import sys;print(sys.executable)"
> ~/Code/py/htools/bin/python -c "import sys;print(sys.executable)"
> /usr/bin/env python3 -c "import sys;print(sys.executable)"
> ~/Code/py/htools/bin/python -c "import sys;print(sys.executable)"
> /usr/bin/env python3 -c "import sys;print(sys.executable)"
> ~/Code/py/htools/bin/python -c "import sys;print(sys.executable)"
> /usr/bin/env python3 -c "import sys;print(sys.executable)"
> ~/Code/py/htools/bin/python -c "import sys;print(sys.executable)"
> /usr/bin/env python3 -c "import sys;print(sys.executable)"
> ~/Code/py/htools/bin/python -c "import sys;print(sys.executable)"
> /usr/bin/env python3 -c "import sys;print(sys.executable)"
> ~/Code/py/htools/bin/python -c "import sys;print(sys.executable)"
> /usr/bin/env python3 -c "import sys;print(sys.executable)"
> ~/Code/py/htools/bin/python -c "import sys;print(sys.executable)"
> /usr/bin/env python3 -c "import sys;print(sys.executable)"
> ~/Code/py/htools/bin/python -c "import sys;print(sys.executable)"
> /usr/bin/env python3 -c "import sys;print(sys.executable)"
> ~/Code/py/htools/bin/python -c "import sys;print(sys.executable)"
> /usr/bin/env python3 -c "import sys;print(sys.executable)"
> ~/Code/py/htools/bin/python -c "import sys;print(sys.executable)"
> /usr/bin/env python3 -c "import sys;print(sys.executable)"
> ~/Code/py/htools/bin/python -c "import sys;print(sys.executable)"
> /usr/bin/env python3 -c "import sys;print(sys.executable)"
> ~/Code/py/htools/bin/python -c "import sys;print(sys.executable)"
> /usr/bin/env python3 -c "import sys;print(sys.executable)"
> ~/Code/py/htools/bin/python -c "import sys;print(sys.executable)"
> /usr/bin/env python3 -c "import sys;print(sys.executable)"
> ~/Code/py/htools/bin/python -c "import sys;print(sys.executable)"
> /usr/bin/env python3 -c "import sys;print(sys.executable)"
> ~/Code/py/htools/bin/python -c "import sys;print(sys.executable)"
> /usr/bin/env python3 -c "import sys;print(sys.executable)"
> ~/Code/py/htools/bin/python -c "import sys;print(sys.executable)"
> /usr/bin/env python3 -c "import sys;print(sys.executable)"
> ~/Code/py/htools/bin/python -c "import sys;print(sys.executable)"
> /usr/bin/env python3 -c "import sys;print(sys.executable)"
> ~/Code/py/htools/bin/python -c "import sys;print(sys.executable)"
> ~/Code/py/htools/bin/python -m autopep8 --diff ~/Code/py/htools/packet_sniffer.py.76f78c429bb6e8159e935728553a76e3.py
cwd: ~/Code/py/htools
> ~/Code/py/htools/bin/python -m autopep8 --diff ~/Code/py/htools/packet_sniffer.py.76f78c429bb6e8159e935728553a76e3.py
cwd: ~/Code/py/htools
> ~/Code/py/htools/bin/python -m pylint --disable=all --enable=F,unreachable,duplicate-key,unnecessary-semicolon,global-variable-not-assigned,unused-variable,unused-wildcard-import,binary-op-exception,bad-format-string,anomalous-backslash-in-string,bad-open-mode,E0001,E0011,E0012,E0100,E0101,E0102,E0103,E0104,E0105,E0107,E0108,E0110,E0111,E0112,E0113,E0114,E0115,E0116,E0117,E0118,E0202,E0203,E0211,E0213,E0236,E0237,E0238,E0239,E0240,E0241,E0301,E0302,E0303,E0401,E0402,E0601,E0602,E0603,E0604,E0611,E0632,E0633,E0701,E0702,E0703,E0704,E0710,E0711,E0712,E1003,E1101,E1102,E1111,E1120,E1121,E1123,E1124,E1125,E1126,E1127,E1128,E1129,E1130,E1131,E1132,E1133,E1134,E1135,E1136,E1137,E1138,E1139,E1200,E1201,E1205,E1206,E1300,E1301,E1302,E1303,E1304,E1305,E1306,E1310,E1700,E1701 --msg-template='{line},{column},{category},{symbol}:{msg}' --reports=n --output-format=text ~/Code/py/htools/packet_sniffer.py
cwd: ~/Code/py/htools
> ~/Code/py/htools/bin/python -m pylint --disable=all --enable=F,unreachable,duplicate-key,unnecessary-semicolon,global-variable-not-assigned,unused-variable,unused-wildcard-import,binary-op-exception,bad-format-string,anomalous-backslash-in-string,bad-open-mode,E0001,E0011,E0012,E0100,E0101,E0102,E0103,E0104,E0105,E0107,E0108,E0110,E0111,E0112,E0113,E0114,E0115,E0116,E0117,E0118,E0202,E0203,E0211,E0213,E0236,E0237,E0238,E0239,E0240,E0241,E0301,E0302,E0303,E0401,E0402,E0601,E0602,E0603,E0604,E0611,E0632,E0633,E0701,E0702,E0703,E0704,E0710,E0711,E0712,E1003,E1101,E1102,E1111,E1120,E1121,E1123,E1124,E1125,E1126,E1127,E1128,E1129,E1130,E1131,E1132,E1133,E1134,E1135,E1136,E1137,E1138,E1139,E1200,E1201,E1205,E1206,E1300,E1301,E1302,E1303,E1304,E1305,E1306,E1310,E1700,E1701 --msg-template='{line},{column},{category},{symbol}:{msg}' --reports=n --output-format=text ~/Code/py/htools/packet_sniffer.py
cwd: ~/Code/py/htools
##########Linting Output - pylint##########

-------------------------------------------------------------------
Your code has been rated at 10.00/10 (previous run: 8.33/10, +1.67)

> /usr/bin/env python3 -c "import sys;print(sys.executable)"
> ~/Code/py/htools/bin/python -c "import sys;print(sys.executable)"
> /usr/bin/env python3 -c "import sys;print(sys.executable)"
> ~/Code/py/htools/bin/python -c "import sys;print(sys.executable)"
> /usr/bin/env python3 -c "import sys;print(sys.executable)"
> ~/Code/py/htools/bin/python -c "import sys;print(sys.executable)"
> /usr/bin/env python3 -c "import sys;print(sys.executable)"
> ~/Code/py/htools/bin/python -c "import sys;print(sys.executable)"
> /usr/bin/env python3 -c "import sys;print(sys.executable)"
> ~/Code/py/htools/bin/python -c "import sys;print(sys.executable)"
> /usr/bin/env python3 -c "import sys;print(sys.executable)"
> ~/Code/py/htools/bin/python -c "import sys;print(sys.executable)"
> /usr/bin/env python3 -c "import sys;print(sys.executable)"
> ~/Code/py/htools/bin/python -c "import sys;print(sys.executable)"
> /usr/bin/env python3 -c "import sys;print(sys.executable)"
> ~/Code/py/htools/bin/python -c "import sys;print(sys.executable)"
> /usr/bin/env python3 -c "import sys;print(sys.executable)"
> ~/Code/py/htools/bin/python -c "import sys;print(sys.executable)"
> /usr/bin/env python3 -c "import sys;print(sys.executable)"
> ~/Code/py/htools/bin/python -c "import sys;print(sys.executable)"
> /usr/bin/env python3 -c "import sys;print(sys.executable)"
> ~/Code/py/htools/bin/python -c "import sys;print(sys.executable)"
> /usr/bin/env python3 -c "import sys;print(sys.executable)"
> ~/Code/py/htools/bin/python -c "import sys;print(sys.executable)"
> /usr/bin/env python3 -c "import sys;print(sys.executable)"
> ~/Code/py/htools/bin/python -c "import sys;print(sys.executable)"
> /usr/bin/env python3 -c "import sys;print(sys.executable)"
> ~/Code/py/htools/bin/python -c "import sys;print(sys.executable)"
> ~/Code/py/htools/bin/python -m autopep8 --diff ~/Code/py/htools/packet_sniffer.py.76f78c429bb6e8159e935728553a76e3.py
cwd: ~/Code/py/htools
> ~/Code/py/htools/bin/python -m autopep8 --diff ~/Code/py/htools/packet_sniffer.py.76f78c429bb6e8159e935728553a76e3.py
cwd: ~/Code/py/htools
> ~/Code/py/htools/bin/python -m pylint --disable=all --enable=F,unreachable,duplicate-key,unnecessary-semicolon,global-variable-not-assigned,unused-variable,unused-wildcard-import,binary-op-exception,bad-format-string,anomalous-backslash-in-string,bad-open-mode,E0001,E0011,E0012,E0100,E0101,E0102,E0103,E0104,E0105,E0107,E0108,E0110,E0111,E0112,E0113,E0114,E0115,E0116,E0117,E0118,E0202,E0203,E0211,E0213,E0236,E0237,E0238,E0239,E0240,E0241,E0301,E0302,E0303,E0401,E0402,E0601,E0602,E0603,E0604,E0611,E0632,E0633,E0701,E0702,E0703,E0704,E0710,E0711,E0712,E1003,E1101,E1102,E1111,E1120,E1121,E1123,E1124,E1125,E1126,E1127,E1128,E1129,E1130,E1131,E1132,E1133,E1134,E1135,E1136,E1137,E1138,E1139,E1200,E1201,E1205,E1206,E1300,E1301,E1302,E1303,E1304,E1305,E1306,E1310,E1700,E1701 --msg-template='{line},{column},{category},{symbol}:{msg}' --reports=n --output-format=text ~/Code/py/htools/packet_sniffer.py
cwd: ~/Code/py/htools
> ~/Code/py/htools/bin/python -m pylint --disable=all --enable=F,unreachable,duplicate-key,unnecessary-semicolon,global-variable-not-assigned,unused-variable,unused-wildcard-import,binary-op-exception,bad-format-string,anomalous-backslash-in-string,bad-open-mode,E0001,E0011,E0012,E0100,E0101,E0102,E0103,E0104,E0105,E0107,E0108,E0110,E0111,E0112,E0113,E0114,E0115,E0116,E0117,E0118,E0202,E0203,E0211,E0213,E0236,E0237,E0238,E0239,E0240,E0241,E0301,E0302,E0303,E0401,E0402,E0601,E0602,E0603,E0604,E0611,E0632,E0633,E0701,E0702,E0703,E0704,E0710,E0711,E0712,E1003,E1101,E1102,E1111,E1120,E1121,E1123,E1124,E1125,E1126,E1127,E1128,E1129,E1130,E1131,E1132,E1133,E1134,E1135,E1136,E1137,E1138,E1139,E1200,E1201,E1205,E1206,E1300,E1301,E1302,E1303,E1304,E1305,E1306,E1310,E1700,E1701 --msg-template='{line},{column},{category},{symbol}:{msg}' --reports=n --output-format=text ~/Code/py/htools/packet_sniffer.py
cwd: ~/Code/py/htools
##########Linting Output - pylint##########

--------------------------------------------------------------------
Your code has been rated at 10.00/10 (previous run: 10.00/10, +0.00)

> /usr/bin/env python3 -c "import sys;print(sys.executable)"
> ~/Code/py/htools/bin/python -c "import sys;print(sys.executable)"
> /usr/bin/env python3 -c "import sys;print(sys.executable)"
> ~/Code/py/htools/bin/python -c "import sys;print(sys.executable)"
> /usr/bin/env python3 -c "import sys;print(sys.executable)"
> ~/Code/py/htools/bin/python -c "import sys;print(sys.executable)"
> /usr/bin/env python3 -c "import sys;print(sys.executable)"
> ~/Code/py/htools/bin/python -c "import sys;print(sys.executable)"
> /usr/bin/env python3 -c "import sys;print(sys.executable)"
> ~/Code/py/htools/bin/python -c "import sys;print(sys.executable)"
> ~/Code/py/htools/bin/python -m autopep8 --diff ~/Code/py/htools/packet_sniffer.py.76f78c429bb6e8159e935728553a76e3.py
cwd: ~/Code/py/htools
> ~/Code/py/htools/bin/python -m autopep8 --diff ~/Code/py/htools/packet_sniffer.py.76f78c429bb6e8159e935728553a76e3.py
cwd: ~/Code/py/htools
> ~/Code/py/htools/bin/python -m pylint --disable=all --enable=F,unreachable,duplicate-key,unnecessary-semicolon,global-variable-not-assigned,unused-variable,unused-wildcard-import,binary-op-exception,bad-format-string,anomalous-backslash-in-string,bad-open-mode,E0001,E0011,E0012,E0100,E0101,E0102,E0103,E0104,E0105,E0107,E0108,E0110,E0111,E0112,E0113,E0114,E0115,E0116,E0117,E0118,E0202,E0203,E0211,E0213,E0236,E0237,E0238,E0239,E0240,E0241,E0301,E0302,E0303,E0401,E0402,E0601,E0602,E0603,E0604,E0611,E0632,E0633,E0701,E0702,E0703,E0704,E0710,E0711,E0712,E1003,E1101,E1102,E1111,E1120,E1121,E1123,E1124,E1125,E1126,E1127,E1128,E1129,E1130,E1131,E1132,E1133,E1134,E1135,E1136,E1137,E1138,E1139,E1200,E1201,E1205,E1206,E1300,E1301,E1302,E1303,E1304,E1305,E1306,E1310,E1700,E1701 --msg-template='{line},{column},{category},{symbol}:{msg}' --reports=n --output-format=text ~/Code/py/htools/packet_sniffer.py
cwd: ~/Code/py/htools
> ~/Code/py/htools/bin/python -m pylint --disable=all --enable=F,unreachable,duplicate-key,unnecessary-semicolon,global-variable-not-assigned,unused-variable,unused-wildcard-import,binary-op-exception,bad-format-string,anomalous-backslash-in-string,bad-open-mode,E0001,E0011,E0012,E0100,E0101,E0102,E0103,E0104,E0105,E0107,E0108,E0110,E0111,E0112,E0113,E0114,E0115,E0116,E0117,E0118,E0202,E0203,E0211,E0213,E0236,E0237,E0238,E0239,E0240,E0241,E0301,E0302,E0303,E0401,E0402,E0601,E0602,E0603,E0604,E0611,E0632,E0633,E0701,E0702,E0703,E0704,E0710,E0711,E0712,E1003,E1101,E1102,E1111,E1120,E1121,E1123,E1124,E1125,E1126,E1127,E1128,E1129,E1130,E1131,E1132,E1133,E1134,E1135,E1136,E1137,E1138,E1139,E1200,E1201,E1205,E1206,E1300,E1301,E1302,E1303,E1304,E1305,E1306,E1310,E1700,E1701 --msg-template='{line},{column},{category},{symbol}:{msg}' --reports=n --output-format=text ~/Code/py/htools/packet_sniffer.py
cwd: ~/Code/py/htools
##########Linting Output - pylint##########

--------------------------------------------------------------------
Your code has been rated at 10.00/10 (previous run: 10.00/10, +0.00)

> /usr/bin/env python3 -c "import sys;print(sys.executable)"
> ~/Code/py/htools/bin/python -c "import sys;print(sys.executable)"
> /usr/bin/env python3 -c "import sys;print(sys.executable)"
> ~/Code/py/htools/bin/python -c "import sys;print(sys.executable)"
> /usr/bin/env python3 -c "import sys;print(sys.executable)"
> ~/Code/py/htools/bin/python -c "import sys;print(sys.executable)"
> /usr/bin/env python3 -c "import sys;print(sys.executable)"
> ~/Code/py/htools/bin/python -c "import sys;print(sys.executable)"
> /usr/bin/env python3 -c "import sys;print(sys.executable)"
> ~/Code/py/htools/bin/python -c "import sys;print(sys.executable)"
> /usr/bin/env python3 -c "import sys;print(sys.executable)"
> ~/Code/py/htools/bin/python -c "import sys;print(sys.executable)"
> /usr/bin/env python3 -c "import sys;print(sys.executable)"
> ~/Code/py/htools/bin/python -c "import sys;print(sys.executable)"
> /usr/bin/env ython3 -c "import sys;print(sys.executable)"
> ~/Code/py/htools/bin/python -m pylint --disable=all --enable=F,unreachable,duplicate-key,unnecessary-semicolon,global-variable-not-assigned,unused-variable,unused-wildcard-import,binary-op-exception,bad-format-string,anomalous-backslash-in-string,bad-open-mode,E0001,E0011,E0012,E0100,E0101,E0102,E0103,E0104,E0105,E0107,E0108,E0110,E0111,E0112,E0113,E0114,E0115,E0116,E0117,E0118,E0202,E0203,E0211,E0213,E0236,E0237,E0238,E0239,E0240,E0241,E0301,E0302,E0303,E0401,E0402,E0601,E0602,E0603,E0604,E0611,E0632,E0633,E0701,E0702,E0703,E0704,E0710,E0711,E0712,E1003,E1101,E1102,E1111,E1120,E1121,E1123,E1124,E1125,E1126,E1127,E1128,E1129,E1130,E1131,E1132,E1133,E1134,E1135,E1136,E1137,E1138,E1139,E1200,E1201,E1205,E1206,E1300,E1301,E1302,E1303,E1304,E1305,E1306,E1310,E1700,E1701 --msg-template='{line},{column},{category},{symbol}:{msg}' --reports=n --output-format=text ~/Code/py/htools/arp_spoof.py
cwd: ~/Code/py/htools
> ~/Code/py/htools/bin/python -m pylint --disable=all --enable=F,unreachable,duplicate-key,unnecessary-semicolon,global-variable-not-assigned,unused-variable,unused-wildcard-import,binary-op-exception,bad-format-string,anomalous-backslash-in-string,bad-open-mode,E0001,E0011,E0012,E0100,E0101,E0102,E0103,E0104,E0105,E0107,E0108,E0110,E0111,E0112,E0113,E0114,E0115,E0116,E0117,E0118,E0202,E0203,E0211,E0213,E0236,E0237,E0238,E0239,E0240,E0241,E0301,E0302,E0303,E0401,E0402,E0601,E0602,E0603,E0604,E0611,E0632,E0633,E0701,E0702,E0703,E0704,E0710,E0711,E0712,E1003,E1101,E1102,E1111,E1120,E1121,E1123,E1124,E1125,E1126,E1127,E1128,E1129,E1130,E1131,E1132,E1133,E1134,E1135,E1136,E1137,E1138,E1139,E1200,E1201,E1205,E1206,E1300,E1301,E1302,E1303,E1304,E1305,E1306,E1310,E1700,E1701 --msg-template='{line},{column},{category},{symbol}:{msg}' --reports=n --output-format=text ~/Code/py/htools/arp_spoof.py
cwd: ~/Code/py/htools
> /usr/bin/env python3 -c "import sys;print(sys.executable)"
> ~/Code/py/htools/bin/python -c "import sys;print(sys.executable)"
##########Linting Output - pylint##########
************* Module arp_spoof
17,14,warning,unused-variable:Unused variable 'arguments'
30,18,error,no-member:Module 'scapy.all' has no 'ARP' member
31,16,error,no-member:Module 'scapy.all' has no 'Ether' member
42,13,error,no-member:Module 'scapy.all' has no 'ARP' member
49,13,error,no-member:Module 'scapy.all' has no 'ARP' member

------------------------------------------------------------------
Your code has been rated at 5.33/10 (previous run: 5.33/10, +0.00)

> /usr/bin/env python3 -c "import sys;print(sys.executable)"
> ~/Code/py/htools/bin/python -c "import sys;print(sys.executable)"
> /usr/bin/env python3 -c "import sys;print(sys.executable)"
> ~/Code/py/htools/bin/python -c "import sys;print(sys.executable)"
> /usr/bin/env python3 -c "import sys;print(sys.executable)"
> ~/Code/py/htools/bin/python -c "import sys;print(sys.executable)"
