[2020-02-01 12:48:30.969] [renderer1] [error] <semantic> TypeScript Server Error (3.7.3)
Debug Failure. Did not expect JsxSelfClosingElement to have an Identifier in its trivia
Error: Debug Failure. Did not expect JsxSelfClosingElement to have an Identifier in its trivia
    at addSyntheticNodes (tsserver.js:129745:30)
    at createChildren (tsserver.js:129734:9)
    at NodeObject.getChildren (tsserver.js:129678:56)
    at getTokenAtPositionWorker (tsserver.js:102963:43)
    at Object.getTokenAtPosition (tsserver.js:102955:16)
    at getInfo (tsserver.js:126110:28)
    at Object.getAvailableActions (tsserver.js:126094:28)
    at tsserver.js:120449:128
    at getIterator (tsserver.js:522:23)
    at Object.flatMapIterator (tsserver.js:505:27)
    at Object.getApplicableRefactors (tsserver.js:120448:36)
    at Object.getApplicableRefactors (tsserver.js:131318:32)
    at IOSession.Session.getApplicableRefactors (tsserver.js:140686:53)
    at Session.handlers.ts.createMapFromTemplate._a.<computed> (tsserver.js:139539:61)
    at tsserver.js:140929:88
    at IOSession.Session.executeWithRequestId (tsserver.js:140920:28)
    at IOSession.Session.executeCommand (tsserver.js:140929:33)
    at IOSession.Session.onMessage (tsserver.js:140952:35)
    at Interface.<anonymous> (tsserver.js:142267:27)
    at Interface.emit (events.js:200:13)
    at Interface._onLine (readline.js:314:10)
    at Interface._normalWrite (readline.js:459:12)
    at Socket.ondata (readline.js:170:10)
    at Socket.emit (events.js:200:13)
    at addChunk (_stream_readable.js:294:12)
    at readableAddChunk (_stream_readable.js:275:11)
    at Socket.Readable.push (_stream_readable.js:210:10)
    at Pipe.onStreamRead (internal/stream_base_commons.js:166:17): Error: <semantic> TypeScript Server Error (3.7.3)
Debug Failure. Did not expect JsxSelfClosingElement to have an Identifier in its trivia
Error: Debug Failure. Did not expect JsxSelfClosingElement to have an Identifier in its trivia
    at addSyntheticNodes (tsserver.js:129745:30)
    at createChildren (tsserver.js:129734:9)
    at NodeObject.getChildren (tsserver.js:129678:56)
    at getTokenAtPositionWorker (tsserver.js:102963:43)
    at Object.getTokenAtPosition (tsserver.js:102955:16)
    at getInfo (tsserver.js:126110:28)
    at Object.getAvailableActions (tsserver.js:126094:28)
    at tsserver.js:120449:128
    at getIterator (tsserver.js:522:23)
    at Object.flatMapIterator (tsserver.js:505:27)
    at Object.getApplicableRefactors (tsserver.js:120448:36)
    at Object.getApplicableRefactors (tsserver.js:131318:32)
    at IOSession.Session.getApplicableRefactors (tsserver.js:140686:53)
    at Session.handlers.ts.createMapFromTemplate._a.<computed> (tsserver.js:139539:61)
    at tsserver.js:140929:88
    at IOSession.Session.executeWithRequestId (tsserver.js:140920:28)
    at IOSession.Session.executeCommand (tsserver.js:140929:33)
    at IOSession.Session.onMessage (tsserver.js:140952:35)
    at Interface.<anonymous> (tsserver.js:142267:27)
    at Interface.emit (events.js:200:13)
    at Interface._onLine (readline.js:314:10)
    at Interface._normalWrite (readline.js:459:12)
    at Socket.ondata (readline.js:170:10)
    at Socket.emit (events.js:200:13)
    at addChunk (_stream_readable.js:294:12)
    at readableAddChunk (_stream_readable.js:275:11)
    at Socket.Readable.push (_stream_readable.js:210:10)
    at Pipe.onStreamRead (internal/stream_base_commons.js:166:17)
	at Function.create (/usr/share/code/resources/app/extensions/typescript-language-features/dist/extension.js:1:47388)
	at h.dispatchResponse (/usr/share/code/resources/app/extensions/typescript-language-features/dist/extension.js:1:206557)
	at h.dispatchMessage (/usr/share/code/resources/app/extensions/typescript-language-features/dist/extension.js:1:205455)
	at /usr/share/code/resources/app/extensions/typescript-language-features/dist/extension.js:1:204931
	at l.fire (/usr/share/code/resources/app/out/vs/workbench/services/extensions/node/extensionHostProcess.js:46:893)
	at t.Reader.onLengthData (/usr/share/code/resources/app/extensions/typescript-language-features/dist/extension.js:1:212021)
	at Socket.<anonymous> (/usr/share/code/resources/app/extensions/typescript-language-features/dist/extension.js:1:211669)
	at Socket.emit (events.js:200:13)
	at addChunk (_stream_readable.js:294:12)
	at readableAddChunk (_stream_readable.js:275:11)
	at Socket.Readable.push (_stream_readable.js:210:10)
	at Pipe.onStreamRead (internal/stream_base_commons.js:166:17)
[2020-02-01 12:48:32.451] [renderer1] [error] <semantic> TypeScript Server Error (3.7.3)
Debug Failure. Did not expect JsxSelfClosingElement to have an Identifier in its trivia
Error: Debug Failure. Did not expect JsxSelfClosingElement to have an Identifier in its trivia
    at addSyntheticNodes (tsserver.js:129745:30)
    at createChildren (tsserver.js:129734:9)
    at NodeObject.getChildren (tsserver.js:129678:56)
    at getTokenAtPositionWorker (tsserver.js:102963:43)
    at Object.getTokenAtPosition (tsserver.js:102955:16)
    at getInfo (tsserver.js:126110:28)
    at Object.getAvailableActions (tsserver.js:126094:28)
    at tsserver.js:120449:128
    at getIterator (tsserver.js:522:23)
    at Object.flatMapIterator (tsserver.js:505:27)
    at Object.getApplicableRefactors (tsserver.js:120448:36)
    at Object.getApplicableRefactors (tsserver.js:131318:32)
    at IOSession.Session.getApplicableRefactors (tsserver.js:140686:53)
    at Session.handlers.ts.createMapFromTemplate._a.<computed> (tsserver.js:139539:61)
    at tsserver.js:140929:88
    at IOSession.Session.executeWithRequestId (tsserver.js:140920:28)
    at IOSession.Session.executeCommand (tsserver.js:140929:33)
    at IOSession.Session.onMessage (tsserver.js:140952:35)
    at Interface.<anonymous> (tsserver.js:142267:27)
    at Interface.emit (events.js:200:13)
    at Interface._onLine (readline.js:314:10)
    at Interface._normalWrite (readline.js:459:12)
    at Socket.ondata (readline.js:170:10)
    at Socket.emit (events.js:200:13)
    at addChunk (_stream_readable.js:294:12)
    at readableAddChunk (_stream_readable.js:275:11)
    at Socket.Readable.push (_stream_readable.js:210:10)
    at Pipe.onStreamRead (internal/stream_base_commons.js:166:17): Error: <semantic> TypeScript Server Error (3.7.3)
Debug Failure. Did not expect JsxSelfClosingElement to have an Identifier in its trivia
Error: Debug Failure. Did not expect JsxSelfClosingElement to have an Identifier in its trivia
    at addSyntheticNodes (tsserver.js:129745:30)
    at createChildren (tsserver.js:129734:9)
    at NodeObject.getChildren (tsserver.js:129678:56)
    at getTokenAtPositionWorker (tsserver.js:102963:43)
    at Object.getTokenAtPosition (tsserver.js:102955:16)
    at getInfo (tsserver.js:126110:28)
    at Object.getAvailableActions (tsserver.js:126094:28)
    at tsserver.js:120449:128
    at getIterator (tsserver.js:522:23)
    at Object.flatMapIterator (tsserver.js:505:27)
    at Object.getApplicableRefactors (tsserver.js:120448:36)
    at Object.getApplicableRefactors (tsserver.js:131318:32)
    at IOSession.Session.getApplicableRefactors (tsserver.js:140686:53)
    at Session.handlers.ts.createMapFromTemplate._a.<computed> (tsserver.js:139539:61)
    at tsserver.js:140929:88
    at IOSession.Session.executeWithRequestId (tsserver.js:140920:28)
    at IOSession.Session.executeCommand (tsserver.js:140929:33)
    at IOSession.Session.onMessage (tsserver.js:140952:35)
    at Interface.<anonymous> (tsserver.js:142267:27)
    at Interface.emit (events.js:200:13)
    at Interface._onLine (readline.js:314:10)
    at Interface._normalWrite (readline.js:459:12)
    at Socket.ondata (readline.js:170:10)
    at Socket.emit (events.js:200:13)
    at addChunk (_stream_readable.js:294:12)
    at readableAddChunk (_stream_readable.js:275:11)
    at Socket.Readable.push (_stream_readable.js:210:10)
    at Pipe.onStreamRead (internal/stream_base_commons.js:166:17)
	at Function.create (/usr/share/code/resources/app/extensions/typescript-language-features/dist/extension.js:1:47388)
	at h.dispatchResponse (/usr/share/code/resources/app/extensions/typescript-language-features/dist/extension.js:1:206557)
	at h.dispatchMessage (/usr/share/code/resources/app/extensions/typescript-language-features/dist/extension.js:1:205455)
	at /usr/share/code/resources/app/extensions/typescript-language-features/dist/extension.js:1:204931
	at l.fire (/usr/share/code/resources/app/out/vs/workbench/services/extensions/node/extensionHostProcess.js:46:893)
	at t.Reader.onLengthData (/usr/share/code/resources/app/extensions/typescript-language-features/dist/extension.js:1:212021)
	at Socket.<anonymous> (/usr/share/code/resources/app/extensions/typescript-language-features/dist/extension.js:1:211669)
	at Socket.emit (events.js:200:13)
	at addChunk (_stream_readable.js:294:12)
	at readableAddChunk (_stream_readable.js:275:11)
	at Socket.Readable.push (_stream_readable.js:210:10)
	at Pipe.onStreamRead (internal/stream_base_commons.js:166:17)
[2020-02-01 12:48:36.522] [renderer1] [error] <semantic> TypeScript Server Error (3.7.3)
Debug Failure. Did not expect JsxSelfClosingElement to have an Identifier in its trivia
Error: Debug Failure. Did not expect JsxSelfClosingElement to have an Identifier in its trivia
    at addSyntheticNodes (tsserver.js:129745:30)
    at createChildren (tsserver.js:129734:9)
    at NodeObject.getChildren (tsserver.js:129678:56)
    at getTokenAtPositionWorker (tsserver.js:102963:43)
    at Object.getTokenAtPosition (tsserver.js:102955:16)
    at getInfo (tsserver.js:126110:28)
    at Object.getAvailableActions (tsserver.js:126094:28)
    at tsserver.js:120449:128
    at getIterator (tsserver.js:522:23)
    at Object.flatMapIterator (tsserver.js:505:27)
    at Object.getApplicableRefactors (tsserver.js:120448:36)
    at Object.getApplicableRefactors (tsserver.js:131318:32)
    at IOSession.Session.getApplicableRefactors (tsserver.js:140686:53)
    at Session.handlers.ts.createMapFromTemplate._a.<computed> (tsserver.js:139539:61)
    at tsserver.js:140929:88
    at IOSession.Session.executeWithRequestId (tsserver.js:140920:28)
    at IOSession.Session.executeCommand (tsserver.js:140929:33)
    at IOSession.Session.onMessage (tsserver.js:140952:35)
    at Interface.<anonymous> (tsserver.js:142267:27)
    at Interface.emit (events.js:200:13)
    at Interface._onLine (readline.js:314:10)
    at Interface._normalWrite (readline.js:459:12)
    at Socket.ondata (readline.js:170:10)
    at Socket.emit (events.js:200:13)
    at addChunk (_stream_readable.js:294:12)
    at readableAddChunk (_stream_readable.js:275:11)
    at Socket.Readable.push (_stream_readable.js:210:10)
    at Pipe.onStreamRead (internal/stream_base_commons.js:166:17): Error: <semantic> TypeScript Server Error (3.7.3)
Debug Failure. Did not expect JsxSelfClosingElement to have an Identifier in its trivia
Error: Debug Failure. Did not expect JsxSelfClosingElement to have an Identifier in its trivia
    at addSyntheticNodes (tsserver.js:129745:30)
    at createChildren (tsserver.js:129734:9)
    at NodeObject.getChildren (tsserver.js:129678:56)
    at getTokenAtPositionWorker (tsserver.js:102963:43)
    at Object.getTokenAtPosition (tsserver.js:102955:16)
    at getInfo (tsserver.js:126110:28)
    at Object.getAvailableActions (tsserver.js:126094:28)
    at tsserver.js:120449:128
    at getIterator (tsserver.js:522:23)
    at Object.flatMapIterator (tsserver.js:505:27)
    at Object.getApplicableRefactors (tsserver.js:120448:36)
    at Object.getApplicableRefactors (tsserver.js:131318:32)
    at IOSession.Session.getApplicableRefactors (tsserver.js:140686:53)
    at Session.handlers.ts.createMapFromTemplate._a.<computed> (tsserver.js:139539:61)
    at tsserver.js:140929:88
    at IOSession.Session.executeWithRequestId (tsserver.js:140920:28)
    at IOSession.Session.executeCommand (tsserver.js:140929:33)
    at IOSession.Session.onMessage (tsserver.js:140952:35)
    at Interface.<anonymous> (tsserver.js:142267:27)
    at Interface.emit (events.js:200:13)
    at Interface._onLine (readline.js:314:10)
    at Interface._normalWrite (readline.js:459:12)
    at Socket.ondata (readline.js:170:10)
    at Socket.emit (events.js:200:13)
    at addChunk (_stream_readable.js:294:12)
    at readableAddChunk (_stream_readable.js:275:11)
    at Socket.Readable.push (_stream_readable.js:210:10)
    at Pipe.onStreamRead (internal/stream_base_commons.js:166:17)
	at Function.create (/usr/share/code/resources/app/extensions/typescript-language-features/dist/extension.js:1:47388)
	at h.dispatchResponse (/usr/share/code/resources/app/extensions/typescript-language-features/dist/extension.js:1:206557)
	at h.dispatchMessage (/usr/share/code/resources/app/extensions/typescript-language-features/dist/extension.js:1:205455)
	at /usr/share/code/resources/app/extensions/typescript-language-features/dist/extension.js:1:204931
	at l.fire (/usr/share/code/resources/app/out/vs/workbench/services/extensions/node/extensionHostProcess.js:46:893)
	at t.Reader.onLengthData (/usr/share/code/resources/app/extensions/typescript-language-features/dist/extension.js:1:212021)
	at Socket.<anonymous> (/usr/share/code/resources/app/extensions/typescript-language-features/dist/extension.js:1:211669)
	at Socket.emit (events.js:200:13)
	at addChunk (_stream_readable.js:294:12)
	at readableAddChunk (_stream_readable.js:275:11)
	at Socket.Readable.push (_stream_readable.js:210:10)
	at Pipe.onStreamRead (internal/stream_base_commons.js:166:17)
