[2020-01-13 22:35:34.671] [exthost] [info] extension host started
[2020-01-13 22:35:34.754] [exthost] [info] ExtensionService#_doActivateExtension vscode.python {"startup":false,"extensionId":{"value":"vscode.python","_lower":"vscode.python"},"activationEvent":"onLanguage:python"}
[2020-01-13 22:35:34.759] [exthost] [info] ExtensionService#loadCommonJSModule file:///usr/share/code/resources/app/extensions/python/dist/pythonMain
[2020-01-13 22:35:34.775] [exthost] [info] ExtensionService#_doActivateExtension ms-python.python {"startup":false,"extensionId":{"value":"ms-python.python","_lower":"ms-python.python"},"activationEvent":"onLanguage:python"}
[2020-01-13 22:35:34.775] [exthost] [info] ExtensionService#loadCommonJSModule file:///root/.vscode/extensions/ms-python.python-2020.1.58038/out/client/extension
[2020-01-13 22:35:35.524] [exthost] [info] ExtensionService#_doActivateExtension vscode.debug-auto-launch {"startup":true,"extensionId":{"value":"vscode.debug-auto-launch","_lower":"vscode.debug-auto-launch"},"activationEvent":"*"}
[2020-01-13 22:35:35.524] [exthost] [info] ExtensionService#loadCommonJSModule file:///usr/share/code/resources/app/extensions/debug-auto-launch/dist/extension
[2020-01-13 22:35:35.544] [exthost] [info] ExtensionService#_doActivateExtension vscode.emmet {"startup":true,"extensionId":{"value":"vscode.emmet","_lower":"vscode.emmet"},"activationEvent":"*"}
[2020-01-13 22:35:35.544] [exthost] [info] ExtensionService#loadCommonJSModule file:///usr/share/code/resources/app/extensions/emmet/dist/extension
[2020-01-13 22:35:35.642] [exthost] [info] ExtensionService#_doActivateExtension vscode.git {"startup":true,"extensionId":{"value":"vscode.git","_lower":"vscode.git"},"activationEvent":"*"}
[2020-01-13 22:35:35.642] [exthost] [info] ExtensionService#loadCommonJSModule file:///usr/share/code/resources/app/extensions/git/dist/main
[2020-01-13 22:35:35.744] [exthost] [info] ExtensionService#_doActivateExtension vscode.merge-conflict {"startup":true,"extensionId":{"value":"vscode.merge-conflict","_lower":"vscode.merge-conflict"},"activationEvent":"*"}
[2020-01-13 22:35:35.744] [exthost] [info] ExtensionService#loadCommonJSModule file:///usr/share/code/resources/app/extensions/merge-conflict/dist/extension
[2020-01-13 22:35:35.755] [exthost] [info] ExtensionService#_doActivateExtension vscode.search-result {"startup":true,"extensionId":{"value":"vscode.search-result","_lower":"vscode.search-result"},"activationEvent":"*"}
[2020-01-13 22:35:35.755] [exthost] [info] ExtensionService#loadCommonJSModule file:///usr/share/code/resources/app/extensions/search-result/dist/extension.js
[2020-01-13 22:35:35.759] [exthost] [info] ExtensionService#_doActivateExtension dbaeumer.vscode-eslint {"startup":true,"extensionId":{"value":"dbaeumer.vscode-eslint","_lower":"dbaeumer.vscode-eslint"},"activationEvent":"*"}
[2020-01-13 22:35:35.759] [exthost] [info] ExtensionService#loadCommonJSModule file:///root/.vscode/extensions/dbaeumer.vscode-eslint-2.0.14/client/out/extension
[2020-01-13 22:35:35.786] [exthost] [info] ExtensionService#_doActivateExtension eamodio.gitlens {"startup":true,"extensionId":{"value":"eamodio.gitlens","_lower":"eamodio.gitlens"},"activationEvent":"*"}
[2020-01-13 22:35:35.786] [exthost] [info] ExtensionService#loadCommonJSModule file:///root/.vscode/extensions/eamodio.gitlens-10.2.0/dist/extension
[2020-01-13 22:35:35.919] [exthost] [info] ExtensionService#_doActivateExtension esbenp.prettier-vscode {"startup":true,"extensionId":{"value":"esbenp.prettier-vscode","_lower":"esbenp.prettier-vscode"},"activationEvent":"*"}
[2020-01-13 22:35:35.919] [exthost] [info] ExtensionService#loadCommonJSModule file:///root/.vscode/extensions/esbenp.prettier-vscode-3.18.0/dist/extension
[2020-01-13 22:35:36.033] [exthost] [info] ExtensionService#_doActivateExtension HookyQR.beautify {"startup":true,"extensionId":{"value":"HookyQR.beautify","_lower":"hookyqr.beautify"},"activationEvent":"*"}
[2020-01-13 22:35:36.038] [exthost] [info] ExtensionService#loadCommonJSModule file:///root/.vscode/extensions/hookyqr.beautify-1.5.0/extension
[2020-01-13 22:35:36.149] [exthost] [info] ExtensionService#_doActivateExtension TabNine.tabnine-vscode {"startup":true,"extensionId":{"value":"TabNine.tabnine-vscode","_lower":"tabnine.tabnine-vscode"},"activationEvent":"*"}
[2020-01-13 22:35:36.149] [exthost] [info] ExtensionService#loadCommonJSModule file:///root/.vscode/extensions/tabnine.tabnine-vscode-2.1.22/out/extension
[2020-01-13 22:35:36.157] [exthost] [info] ExtensionService#_doActivateExtension zhuangtongfa.material-theme {"startup":true,"extensionId":{"value":"zhuangtongfa.material-theme","_lower":"zhuangtongfa.material-theme"},"activationEvent":"*"}
[2020-01-13 22:35:36.157] [exthost] [info] ExtensionService#loadCommonJSModule file:///root/.vscode/extensions/zhuangtongfa.material-theme-3.2.1/out/extension.js
[2020-01-13 22:35:36.485] [exthost] [info] eager extensions activated
[2020-01-13 22:52:25.765] [exthost] [info] ExtensionService#_doActivateExtension vscode.html-language-features {"startup":false,"extensionId":{"value":"vscode.html-language-features","_lower":"vscode.html-language-features"},"activationEvent":"onLanguage:html"}
[2020-01-13 22:52:25.766] [exthost] [info] ExtensionService#loadCommonJSModule file:///usr/share/code/resources/app/extensions/html-language-features/client/dist/htmlMain
[2020-01-14 20:05:38.853] [exthost] [error] [ms-python.python] provider FAILED
[2020-01-14 20:05:38.854] [exthost] [error] TypeError [ERR_INVALID_ARG_VALUE]: The argument 'file' cannot be empty. Received ''
	at normalizeSpawnArguments (child_process.js:409:11)
	at Object.spawn (child_process.js:542:16)
	at l.exec (/root/.vscode/extensions/ms-python.python-2020.1.58038/out/client/extension.js:1:438194)
	at h.getFullyQualifiedPathToInterpreter (/root/.vscode/extensions/ms-python.python-2020.1.58038/out/client/extension.js:75:1184931)
	at async h.detectShebang (/root/.vscode/extensions/ms-python.python-2020.1.58038/out/client/extension.js:75:1184467)
	at async h.createShebangCodeLens (/root/.vscode/extensions/ms-python.python-2020.1.58038/out/client/extension.js:75:1185019)
[2020-01-14 21:22:16.338] [exthost] [info] ExtensionService#_doActivateExtension vscode.configuration-editing {"startup":false,"extensionId":{"value":"vscode.configuration-editing","_lower":"vscode.configuration-editing"},"activationEvent":"onLanguage:jsonc"}
[2020-01-14 21:22:16.338] [exthost] [info] ExtensionService#loadCommonJSModule file:///usr/share/code/resources/app/extensions/configuration-editing/dist/extension
[2020-01-14 21:22:16.359] [exthost] [info] ExtensionService#_doActivateExtension vscode.json-language-features {"startup":false,"extensionId":{"value":"vscode.json-language-features","_lower":"vscode.json-language-features"},"activationEvent":"onLanguage:jsonc"}
[2020-01-14 21:22:16.360] [exthost] [info] ExtensionService#loadCommonJSModule file:///usr/share/code/resources/app/extensions/json-language-features/client/dist/jsonMain
[2020-01-14 21:22:16.382] [exthost] [info] ExtensionService#_doActivateExtension vscode.typescript-language-features {"startup":false,"extensionId":{"value":"vscode.typescript-language-features","_lower":"vscode.typescript-language-features"},"activationEvent":"onLanguage:jsonc"}
[2020-01-14 21:22:16.382] [exthost] [info] ExtensionService#loadCommonJSModule file:///usr/share/code/resources/app/extensions/typescript-language-features/dist/extension
[2020-01-14 21:57:16.021] [exthost] [error] [eamodio.gitlens] provider FAILED
[2020-01-14 21:57:16.021] [exthost] [error] Error: Command failed: /usr/bin/git -c core.quotepath=false -c color.ui=false -c log.showSignature=false log --format=%x3cr%x3e%x20%H -n2 --follow -L 34,34:arp_spoof.py -- arp_spoof.py
fatal: There is no path arp_spoof.py in the commit

	at ChildProcess.exithandler (child_process.js:303:12)
	at ChildProcess.emit (events.js:200:13)
	at maybeClose (internal/child_process.js:1021:16)
	at Process.ChildProcess._handle.onexit (internal/child_process.js:283:5)
[2020-01-14 21:59:19.696] [exthost] [error] [eamodio.gitlens] provider FAILED
[2020-01-14 21:59:19.696] [exthost] [error] Error: Command failed: /usr/bin/git -c core.quotepath=false -c color.ui=false -c log.showSignature=false log --format=%x3cr%x3e%x20%H -n2 --follow -L 41,41:arp_spoof.py -- arp_spoof.py
fatal: There is no path arp_spoof.py in the commit

	at ChildProcess.exithandler (child_process.js:303:12)
	at ChildProcess.emit (events.js:200:13)
	at maybeClose (internal/child_process.js:1021:16)
	at Process.ChildProcess._handle.onexit (internal/child_process.js:283:5)
[2020-01-14 22:15:20.693] [exthost] [error] [eamodio.gitlens] provider FAILED
[2020-01-14 22:15:20.693] [exthost] [error] Error: Command failed: /usr/bin/git -c core.quotepath=false -c color.ui=false -c log.showSignature=false log --format=%x3cr%x3e%x20%H -n2 --follow -L 17,17:arp_spoof.py -- arp_spoof.py
fatal: There is no path arp_spoof.py in the commit

	at ChildProcess.exithandler (child_process.js:303:12)
	at ChildProcess.emit (events.js:200:13)
	at maybeClose (internal/child_process.js:1021:16)
	at Socket.<anonymous> (internal/child_process.js:430:11)
	at Socket.emit (events.js:200:13)
	at Pipe.<anonymous> (net.js:586:12)
[2020-01-14 22:15:23.012] [exthost] [error] [eamodio.gitlens] provider FAILED
[2020-01-14 22:15:23.012] [exthost] [error] Error: Command failed: /usr/bin/git -c core.quotepath=false -c color.ui=false -c log.showSignature=false log --format=%x3cr%x3e%x20%H -n2 --follow -L 17,17:arp_spoof.py -- arp_spoof.py
fatal: There is no path arp_spoof.py in the commit

	at ChildProcess.exithandler (child_process.js:303:12)
	at ChildProcess.emit (events.js:200:13)
	at maybeClose (internal/child_process.js:1021:16)
	at Socket.<anonymous> (internal/child_process.js:430:11)
	at Socket.emit (events.js:200:13)
	at Pipe.<anonymous> (net.js:586:12)
[2020-01-14 22:15:23.414] [exthost] [error] [eamodio.gitlens] provider FAILED
[2020-01-14 22:15:23.414] [exthost] [error] Error: Command failed: /usr/bin/git -c core.quotepath=false -c color.ui=false -c log.showSignature=false log --format=%x3cr%x3e%x20%H -n2 --follow -L 17,17:arp_spoof.py -- arp_spoof.py
fatal: There is no path arp_spoof.py in the commit

	at ChildProcess.exithandler (child_process.js:303:12)
	at ChildProcess.emit (events.js:200:13)
	at maybeClose (internal/child_process.js:1021:16)
	at Socket.<anonymous> (internal/child_process.js:430:11)
	at Socket.emit (events.js:200:13)
	at Pipe.<anonymous> (net.js:586:12)
[2020-01-14 22:17:10.975] [exthost] [error] [eamodio.gitlens] provider FAILED
[2020-01-14 22:17:10.975] [exthost] [error] Error: Command failed: /usr/bin/git -c core.quotepath=false -c color.ui=false -c log.showSignature=false log --format=%x3cr%x3e%x20%H -n2 --follow -L 56,56:arp_spoof.py -- arp_spoof.py
fatal: There is no path arp_spoof.py in the commit

	at ChildProcess.exithandler (child_process.js:303:12)
	at ChildProcess.emit (events.js:200:13)
	at maybeClose (internal/child_process.js:1021:16)
	at Process.ChildProcess._handle.onexit (internal/child_process.js:283:5)
