[2020-01-12 17:55:40.172] [sharedprocess] [info] main {"machineId":"b76a095406a01b4582e26523047446febc4c285852dcb1c47ce1db94e227c12b","windowId":2}
[2020-01-12 17:55:53.716] [sharedprocess] [info] Installing extension: ms-python.anaconda-extension-pack
[2020-01-12 17:55:53.889] [sharedprocess] [info] Downloaded extension: ms-python.anaconda-extension-pack /tmp/f1aabbf3-ac64-4a12-90b4-41b80793bbf1
[2020-01-12 17:55:53.924] [sharedprocess] [info] Extracted extension to /root/.vscode/extensions/.ms-python.anaconda-extension-pack-1.0.1: ms-python.anaconda-extension-pack
[2020-01-12 17:55:53.925] [sharedprocess] [info] Renamed to /root/.vscode/extensions/ms-python.anaconda-extension-pack-1.0.1
[2020-01-12 17:55:53.925] [sharedprocess] [info] Installation completed. ms-python.anaconda-extension-pack
[2020-01-12 17:55:54.059] [sharedprocess] [info] Installing extension: redhat.vscode-yaml
[2020-01-12 17:55:54.985] [sharedprocess] [info] Downloaded extension: redhat.vscode-yaml /tmp/b83a1750-5ee7-4bf4-9b06-298476381d56
[2020-01-12 17:56:04.106] [sharedprocess] [info] Extracted extension to /root/.vscode/extensions/.redhat.vscode-yaml-0.6.1: redhat.vscode-yaml
[2020-01-12 17:56:04.106] [sharedprocess] [info] Renamed to /root/.vscode/extensions/redhat.vscode-yaml-0.6.1
[2020-01-12 17:56:04.110] [sharedprocess] [info] Installation completed. redhat.vscode-yaml
[2020-01-12 17:56:04.117] [sharedprocess] [info] Extensions installed successfully: redhat.vscode-yaml
[2020-01-12 17:56:04.120] [sharedprocess] [info] Extensions installed successfully: ms-python.anaconda-extension-pack
[2020-01-12 17:56:20.140] [sharedprocess] [info] Starting to clean up unused language packs.
[2020-01-12 17:56:42.639] [sharedprocess] [info] Installing extension: tabnine.tabnine-vscode
[2020-01-12 17:56:45.247] [sharedprocess] [info] Downloaded extension: tabnine.tabnine-vscode /tmp/e53b421a-389c-4f6c-b652-54241c79d0ee
[2020-01-12 17:56:46.788] [sharedprocess] [info] Extracted extension to /root/.vscode/extensions/.tabnine.tabnine-vscode-2.1.22: tabnine.tabnine-vscode
[2020-01-12 17:56:46.789] [sharedprocess] [info] Renamed to /root/.vscode/extensions/tabnine.tabnine-vscode-2.1.22
[2020-01-12 17:56:46.789] [sharedprocess] [info] Installation completed. tabnine.tabnine-vscode
[2020-01-12 17:56:46.799] [sharedprocess] [info] Extensions installed successfully: tabnine.tabnine-vscode
[2020-01-12 17:56:52.116] [sharedprocess] [info] Installing extension: zhuangtongfa.material-theme
[2020-01-12 17:56:52.771] [sharedprocess] [info] Downloaded extension: zhuangtongfa.material-theme /tmp/4d508ed6-7ac7-48d5-9fca-761357355a66
[2020-01-12 17:56:53.082] [sharedprocess] [info] Extracted extension to /root/.vscode/extensions/.zhuangtongfa.material-theme-3.2.1: zhuangtongfa.material-theme
[2020-01-12 17:56:53.083] [sharedprocess] [info] Renamed to /root/.vscode/extensions/zhuangtongfa.material-theme-3.2.1
[2020-01-12 17:56:53.084] [sharedprocess] [info] Installation completed. zhuangtongfa.material-theme
[2020-01-12 17:56:53.087] [sharedprocess] [info] Extensions installed successfully: zhuangtongfa.material-theme
