[2020-01-12 16:02:10.156] [exthost] [info] extension host started
[2020-01-12 16:02:10.177] [exthost] [info] ExtensionService#_doActivateExtension vscode.debug-auto-launch {"startup":true,"extensionId":{"value":"vscode.debug-auto-launch","_lower":"vscode.debug-auto-launch"},"activationEvent":"*"}
[2020-01-12 16:02:10.177] [exthost] [info] ExtensionService#loadCommonJSModule file:///usr/share/code/resources/app/extensions/debug-auto-launch/dist/extension
[2020-01-12 16:02:10.186] [exthost] [info] ExtensionService#_doActivateExtension vscode.emmet {"startup":true,"extensionId":{"value":"vscode.emmet","_lower":"vscode.emmet"},"activationEvent":"*"}
[2020-01-12 16:02:10.186] [exthost] [info] ExtensionService#loadCommonJSModule file:///usr/share/code/resources/app/extensions/emmet/dist/extension
[2020-01-12 16:02:10.221] [exthost] [info] ExtensionService#_doActivateExtension vscode.git {"startup":true,"extensionId":{"value":"vscode.git","_lower":"vscode.git"},"activationEvent":"*"}
[2020-01-12 16:02:10.221] [exthost] [info] ExtensionService#loadCommonJSModule file:///usr/share/code/resources/app/extensions/git/dist/main
[2020-01-12 16:02:10.280] [exthost] [info] ExtensionService#_doActivateExtension vscode.merge-conflict {"startup":true,"extensionId":{"value":"vscode.merge-conflict","_lower":"vscode.merge-conflict"},"activationEvent":"*"}
[2020-01-12 16:02:10.280] [exthost] [info] ExtensionService#loadCommonJSModule file:///usr/share/code/resources/app/extensions/merge-conflict/dist/extension
[2020-01-12 16:02:10.289] [exthost] [info] ExtensionService#_doActivateExtension vscode.search-result {"startup":true,"extensionId":{"value":"vscode.search-result","_lower":"vscode.search-result"},"activationEvent":"*"}
[2020-01-12 16:02:10.289] [exthost] [info] ExtensionService#loadCommonJSModule file:///usr/share/code/resources/app/extensions/search-result/dist/extension.js
[2020-01-12 16:02:10.292] [exthost] [info] ExtensionService#_doActivateExtension dbaeumer.vscode-eslint {"startup":true,"extensionId":{"value":"dbaeumer.vscode-eslint","_lower":"dbaeumer.vscode-eslint"},"activationEvent":"*"}
[2020-01-12 16:02:10.292] [exthost] [info] ExtensionService#loadCommonJSModule file:///root/.vscode/extensions/dbaeumer.vscode-eslint-2.0.13/client/out/extension
[2020-01-12 16:02:10.317] [exthost] [info] ExtensionService#_doActivateExtension eamodio.gitlens {"startup":true,"extensionId":{"value":"eamodio.gitlens","_lower":"eamodio.gitlens"},"activationEvent":"*"}
[2020-01-12 16:02:10.317] [exthost] [info] ExtensionService#loadCommonJSModule file:///root/.vscode/extensions/eamodio.gitlens-10.2.0/dist/extension
[2020-01-12 16:02:10.379] [exthost] [info] ExtensionService#_doActivateExtension esbenp.prettier-vscode {"startup":true,"extensionId":{"value":"esbenp.prettier-vscode","_lower":"esbenp.prettier-vscode"},"activationEvent":"*"}
[2020-01-12 16:02:10.379] [exthost] [info] ExtensionService#loadCommonJSModule file:///root/.vscode/extensions/esbenp.prettier-vscode-3.18.0/dist/extension
[2020-01-12 16:02:10.489] [exthost] [info] ExtensionService#_doActivateExtension HookyQR.beautify {"startup":true,"extensionId":{"value":"HookyQR.beautify","_lower":"hookyqr.beautify"},"activationEvent":"*"}
[2020-01-12 16:02:10.489] [exthost] [info] ExtensionService#loadCommonJSModule file:///root/.vscode/extensions/hookyqr.beautify-1.5.0/extension
[2020-01-12 16:02:10.541] [exthost] [info] eager extensions activated
[2020-01-12 16:02:10.800] [exthost] [info] ExtensionService#_doActivateExtension vscode.html-language-features {"startup":false,"extensionId":{"value":"vscode.html-language-features","_lower":"vscode.html-language-features"},"activationEvent":"onLanguage:html"}
[2020-01-12 16:02:10.800] [exthost] [info] ExtensionService#loadCommonJSModule file:///usr/share/code/resources/app/extensions/html-language-features/client/dist/htmlMain
[2020-01-12 16:02:53.530] [exthost] [info] ExtensionService#_doActivateExtension vscode.python {"startup":false,"extensionId":{"value":"vscode.python","_lower":"vscode.python"},"activationEvent":"onLanguage:python"}
[2020-01-12 16:02:53.531] [exthost] [info] ExtensionService#loadCommonJSModule file:///usr/share/code/resources/app/extensions/python/dist/pythonMain
[2020-01-12 16:02:53.534] [exthost] [info] ExtensionService#_doActivateExtension ms-python.python {"startup":false,"extensionId":{"value":"ms-python.python","_lower":"ms-python.python"},"activationEvent":"onLanguage:python"}
[2020-01-12 16:02:53.535] [exthost] [info] ExtensionService#loadCommonJSModule file:///root/.vscode/extensions/ms-python.python-2020.1.57204/out/client/extension
[2020-01-12 16:02:56.510] [exthost] [error] [ms-python.python] provider FAILED
[2020-01-12 16:02:56.510] [exthost] [error] TypeError [ERR_INVALID_ARG_VALUE]: The argument 'file' cannot be empty. Received ''
	at normalizeSpawnArguments (child_process.js:409:11)
	at Object.spawn (child_process.js:542:16)
	at l.exec (/root/.vscode/extensions/ms-python.python-2020.1.57204/out/client/extension.js:1:438162)
	at h.getFullyQualifiedPathToInterpreter (/root/.vscode/extensions/ms-python.python-2020.1.57204/out/client/extension.js:75:1185045)
	at async h.detectShebang (/root/.vscode/extensions/ms-python.python-2020.1.57204/out/client/extension.js:75:1184581)
	at async h.createShebangCodeLens (/root/.vscode/extensions/ms-python.python-2020.1.57204/out/client/extension.js:75:1185133)
[2020-01-12 16:19:53.023] [exthost] [error] [ms-python.python] provider FAILED
[2020-01-12 16:19:53.023] [exthost] [error] TypeError [ERR_INVALID_ARG_VALUE]: The argument 'file' cannot be empty. Received ''
	at normalizeSpawnArguments (child_process.js:409:11)
	at Object.spawn (child_process.js:542:16)
	at l.exec (/root/.vscode/extensions/ms-python.python-2020.1.57204/out/client/extension.js:1:438162)
	at h.getFullyQualifiedPathToInterpreter (/root/.vscode/extensions/ms-python.python-2020.1.57204/out/client/extension.js:75:1185045)
	at async h.detectShebang (/root/.vscode/extensions/ms-python.python-2020.1.57204/out/client/extension.js:75:1184581)
	at async h.createShebangCodeLens (/root/.vscode/extensions/ms-python.python-2020.1.57204/out/client/extension.js:75:1185133)
