[2020-01-14 20:05:38.857] [renderer1] [error] The argument 'file' cannot be empty. Received '': TypeError [ERR_INVALID_ARG_VALUE]: The argument 'file' cannot be empty. Received ''
	at normalizeSpawnArguments (child_process.js:409:11)
	at Object.spawn (child_process.js:542:16)
	at l.exec (/root/.vscode/extensions/ms-python.python-2020.1.58038/out/client/extension.js:1:438194)
	at h.getFullyQualifiedPathToInterpreter (/root/.vscode/extensions/ms-python.python-2020.1.58038/out/client/extension.js:75:1184931)
	at async h.detectShebang (/root/.vscode/extensions/ms-python.python-2020.1.58038/out/client/extension.js:75:1184467)
	at async h.createShebangCodeLens (/root/.vscode/extensions/ms-python.python-2020.1.58038/out/client/extension.js:75:1185019)
[2020-01-14 21:07:39.251] [renderer1] [error] Unable to read file (EntryNotFound (FileSystemError)): Error: Unable to read file (EntryNotFound (FileSystemError))
    at _.doReadAsFileStream (file:///usr/share/code/resources/app/out/vs/workbench/workbench.desktop.main.js:1591:434)
    at runMicrotasks (<anonymous>)
    at processTicksAndRejections (internal/process/task_queues.js:89:5)
[2020-01-14 21:57:16.023] [renderer1] [error] Command failed: /usr/bin/git -c core.quotepath=false -c color.ui=false -c log.showSignature=false log --format=%x3cr%x3e%x20%H -n2 --follow -L 34,34:arp_spoof.py -- arp_spoof.py
fatal: There is no path arp_spoof.py in the commit
: Error: Command failed: /usr/bin/git -c core.quotepath=false -c color.ui=false -c log.showSignature=false log --format=%x3cr%x3e%x20%H -n2 --follow -L 34,34:arp_spoof.py -- arp_spoof.py
fatal: There is no path arp_spoof.py in the commit

	at ChildProcess.exithandler (child_process.js:303:12)
	at ChildProcess.emit (events.js:200:13)
	at maybeClose (internal/child_process.js:1021:16)
	at Process.ChildProcess._handle.onexit (internal/child_process.js:283:5)
[2020-01-14 21:59:19.697] [renderer1] [error] Command failed: /usr/bin/git -c core.quotepath=false -c color.ui=false -c log.showSignature=false log --format=%x3cr%x3e%x20%H -n2 --follow -L 41,41:arp_spoof.py -- arp_spoof.py
fatal: There is no path arp_spoof.py in the commit
: Error: Command failed: /usr/bin/git -c core.quotepath=false -c color.ui=false -c log.showSignature=false log --format=%x3cr%x3e%x20%H -n2 --follow -L 41,41:arp_spoof.py -- arp_spoof.py
fatal: There is no path arp_spoof.py in the commit

	at ChildProcess.exithandler (child_process.js:303:12)
	at ChildProcess.emit (events.js:200:13)
	at maybeClose (internal/child_process.js:1021:16)
	at Process.ChildProcess._handle.onexit (internal/child_process.js:283:5)
[2020-01-14 22:15:20.695] [renderer1] [error] Command failed: /usr/bin/git -c core.quotepath=false -c color.ui=false -c log.showSignature=false log --format=%x3cr%x3e%x20%H -n2 --follow -L 17,17:arp_spoof.py -- arp_spoof.py
fatal: There is no path arp_spoof.py in the commit
: Error: Command failed: /usr/bin/git -c core.quotepath=false -c color.ui=false -c log.showSignature=false log --format=%x3cr%x3e%x20%H -n2 --follow -L 17,17:arp_spoof.py -- arp_spoof.py
fatal: There is no path arp_spoof.py in the commit

	at ChildProcess.exithandler (child_process.js:303:12)
	at ChildProcess.emit (events.js:200:13)
	at maybeClose (internal/child_process.js:1021:16)
	at Socket.<anonymous> (internal/child_process.js:430:11)
	at Socket.emit (events.js:200:13)
	at Pipe.<anonymous> (net.js:586:12)
[2020-01-14 22:15:23.013] [renderer1] [error] Command failed: /usr/bin/git -c core.quotepath=false -c color.ui=false -c log.showSignature=false log --format=%x3cr%x3e%x20%H -n2 --follow -L 17,17:arp_spoof.py -- arp_spoof.py
fatal: There is no path arp_spoof.py in the commit
: Error: Command failed: /usr/bin/git -c core.quotepath=false -c color.ui=false -c log.showSignature=false log --format=%x3cr%x3e%x20%H -n2 --follow -L 17,17:arp_spoof.py -- arp_spoof.py
fatal: There is no path arp_spoof.py in the commit

	at ChildProcess.exithandler (child_process.js:303:12)
	at ChildProcess.emit (events.js:200:13)
	at maybeClose (internal/child_process.js:1021:16)
	at Socket.<anonymous> (internal/child_process.js:430:11)
	at Socket.emit (events.js:200:13)
	at Pipe.<anonymous> (net.js:586:12)
[2020-01-14 22:17:10.976] [renderer1] [error] Command failed: /usr/bin/git -c core.quotepath=false -c color.ui=false -c log.showSignature=false log --format=%x3cr%x3e%x20%H -n2 --follow -L 56,56:arp_spoof.py -- arp_spoof.py
fatal: There is no path arp_spoof.py in the commit
: Error: Command failed: /usr/bin/git -c core.quotepath=false -c color.ui=false -c log.showSignature=false log --format=%x3cr%x3e%x20%H -n2 --follow -L 56,56:arp_spoof.py -- arp_spoof.py
fatal: There is no path arp_spoof.py in the commit

	at ChildProcess.exithandler (child_process.js:303:12)
	at ChildProcess.emit (events.js:200:13)
	at maybeClose (internal/child_process.js:1021:16)
	at Process.ChildProcess._handle.onexit (internal/child_process.js:283:5)
[2020-01-14 22:52:40.575] [renderer1] [error] The argument 'file' cannot be empty. Received '': TypeError [ERR_INVALID_ARG_VALUE]: The argument 'file' cannot be empty. Received ''
	at normalizeSpawnArguments (child_process.js:409:11)
	at Object.spawn (child_process.js:542:16)
	at l.exec (/root/.vscode/extensions/ms-python.python-2020.1.58038/out/client/extension.js:1:438194)
	at h.getFullyQualifiedPathToInterpreter (/root/.vscode/extensions/ms-python.python-2020.1.58038/out/client/extension.js:75:1184931)
	at async h.detectShebang (/root/.vscode/extensions/ms-python.python-2020.1.58038/out/client/extension.js:75:1184467)
	at async h.createShebangCodeLens (/root/.vscode/extensions/ms-python.python-2020.1.58038/out/client/extension.js:75:1185019)
